{"logTime": "0613/144450", "correlationVector":"51zYTfLWr3CPxlwsiwQJ25.115","action":"GetUpdates", "result":"DeleteReceived", "context":{"id":"3a897b9f-ade5-44f9-aab6-779f6d0806c2", "isDeleted:":"true", "version":"1686141752422"}}
{"logTime": "0613/144450", "correlationVector":"51zYTfLWr3CPxlwsiwQJ25.116","action":"GetUpdates", "result":"DeleteReceived", "context":{"id":"49f47f02-97fb-48f1-a324-9af9f316377d", "isDeleted:":"true", "version":"1686141752424"}}
{"logTime": "0613/144450", "correlationVector":"51zYTfLWr3CPxlwsiwQJ25.117","action":"GetUpdates", "result":"DeleteReceived", "context":{"id":"d3401bfd-f1f1-41e9-9b96-e524aa89ea9a", "isDeleted:":"true", "version":"1686141752425"}}
{"logTime": "0613/144450", "correlationVector":"51zYTfLWr3CPxlwsiwQJ25.118","action":"GetUpdates", "result":"DeleteReceived", "context":{"id":"a41727c2-6c34-42ee-a9a7-1b62ce32823a", "isDeleted:":"true", "version":"1686141752426"}}
{"logTime": "0613/144450", "correlationVector":"51zYTfLWr3CPxlwsiwQJ25.119","action":"GetUpdates", "result":"DeleteReceived", "context":{"id":"8fea4065-c720-4f1b-95b0-215908463fe1", "isDeleted:":"true", "version":"1686141752427"}}
{"logTime": "0613/144450", "correlationVector":"51zYTfLWr3CPxlwsiwQJ25.120","action":"GetUpdates", "result":"DeleteReceived", "context":{"id":"ddd6093f-76b9-464e-9874-08b63c0202d8", "isDeleted:":"true", "version":"1686141754644"}}
{"logTime": "0613/144450", "correlationVector":"51zYTfLWr3CPxlwsiwQJ25.121","action":"GetUpdates", "result":"DeleteReceived", "context":{"id":"90bae912-1870-4a1f-9dfc-38f287ada3e7", "isDeleted:":"true", "version":"1686141754646"}}
{"logTime": "0613/144450", "correlationVector":"51zYTfLWr3CPxlwsiwQJ25.122","action":"GetUpdates", "result":"DeleteReceived", "context":{"id":"b637bd1b-9076-4dca-9abe-b0c06bcfe6f2", "isDeleted:":"true", "version":"1686141786421"}}
{"logTime": "0613/144450", "correlationVector":"51zYTfLWr3CPxlwsiwQJ25.123","action":"GetUpdates", "result":"DeleteReceived", "context":{"id":"631fbc78-6145-49f6-9747-668b5e7d91a9", "isDeleted:":"true", "version":"1686144546992"}}
{"logTime": "0613/144450", "correlationVector":"51zYTfLWr3CPxlwsiwQJ25.124","action":"GetUpdates", "result":"DeleteReceived", "context":{"id":"e3df2c99-0221-4bc3-b424-bf3cb7081f9d", "isDeleted:":"true", "version":"1686144599110"}}
{"logTime": "0613/144450", "correlationVector":"51zYTfLWr3CPxlwsiwQJ25.125","action":"GetUpdates", "result":"DeleteReceived", "context":{"id":"d3d7d826-e03a-4309-86fd-4410daf8a5bf", "isDeleted:":"true", "version":"1686146568085"}}
{"logTime": "0613/144450", "correlationVector":"51zYTfLWr3CPxlwsiwQJ25.126","action":"GetUpdates", "result":"DeleteReceived", "context":{"id":"1eb3a1e2-ee67-46e3-bc99-cc7a472a4120", "isDeleted:":"true", "version":"1686148498009"}}
{"logTime": "0613/144450", "correlationVector":"51zYTfLWr3CPxlwsiwQJ25.127","action":"GetUpdates", "result":"DeleteReceived", "context":{"id":"d4812b5e-e3ab-4d5a-a9ed-98fa4fd54535", "isDeleted:":"true", "version":"1686148498010"}}
{"logTime": "0613/144450", "correlationVector":"51zYTfLWr3CPxlwsiwQJ25.128","action":"GetUpdates", "result":"DeleteReceived", "context":{"id":"9e5a72ef-8602-436b-b2e7-1130ab405f96", "isDeleted:":"true", "version":"1686148498011"}}
{"logTime": "0613/144450", "correlationVector":"51zYTfLWr3CPxlwsiwQJ25.129","action":"GetUpdates", "result":"DeleteReceived", "context":{"id":"1de6e596-844c-4774-a866-89b304455893", "isDeleted:":"true", "version":"1686148498013"}}
{"logTime": "0613/144450", "correlationVector":"51zYTfLWr3CPxlwsiwQJ25.130","action":"GetUpdates", "result":"DeleteReceived", "context":{"id":"e4b5b1c0-78fa-4e1d-87f1-e6cceb3025f2", "isDeleted:":"true", "version":"1686148498014"}}
{"logTime": "0613/144450", "correlationVector":"51zYTfLWr3CPxlwsiwQJ25.131","action":"GetUpdates", "result":"DeleteReceived", "context":{"id":"6f5235ed-6f8b-44fd-a416-45dd57716ab4", "isDeleted:":"true", "version":"1686148498015"}}
{"logTime": "0613/144450", "correlationVector":"51zYTfLWr3CPxlwsiwQJ25.132","action":"GetUpdates", "result":"DeleteReceived", "context":{"id":"372af1f5-8284-4903-b384-be95bfb738d3", "isDeleted:":"true", "version":"1686148498018"}}
{"logTime": "0613/144450", "correlationVector":"51zYTfLWr3CPxlwsiwQJ25.133","action":"GetUpdates", "result":"DeleteReceived", "context":{"id":"89ef5366-6a85-4d64-8d9d-353e72a5c1a1", "isDeleted:":"true", "version":"1686148498021"}}
{"logTime": "0613/144450", "correlationVector":"51zYTfLWr3CPxlwsiwQJ25.134","action":"GetUpdates", "result":"DeleteReceived", "context":{"id":"33bde165-9b11-4580-b213-0dc18f4abd62", "isDeleted:":"true", "version":"1686148498022"}}
{"logTime": "0613/144450", "correlationVector":"51zYTfLWr3CPxlwsiwQJ25.135","action":"GetUpdates", "result":"DeleteReceived", "context":{"id":"cb5b5afb-d7ff-4ff5-b15b-ce66861a1435", "isDeleted:":"true", "version":"1686148498024"}}
{"logTime": "0613/144450", "correlationVector":"51zYTfLWr3CPxlwsiwQJ25.136","action":"GetUpdates", "result":"DeleteReceived", "context":{"id":"43814e9b-babd-4c16-91ee-9c6d7e679761", "isDeleted:":"true", "version":"1686148529299"}}
{"logTime": "0613/144450", "correlationVector":"51zYTfLWr3CPxlwsiwQJ25.137","action":"GetUpdates", "result":"DeleteReceived", "context":{"id":"3f1469de-1137-4850-8cda-990372ebc638", "isDeleted:":"true", "version":"1686148529300"}}
{"logTime": "0613/144450", "correlationVector":"51zYTfLWr3CPxlwsiwQJ25.138","action":"GetUpdates", "result":"DeleteReceived", "context":{"id":"a8f48ce2-721b-45f9-8318-383d39294a49", "isDeleted:":"true", "version":"1686148529301"}}
{"logTime": "0613/144450", "correlationVector":"51zYTfLWr3CPxlwsiwQJ25.139","action":"GetUpdates", "result":"DeleteReceived", "context":{"id":"f34cfe64-9aaa-48d6-8ac0-5eaa64f166c8", "isDeleted:":"true", "version":"1686148529302"}}
{"logTime": "0613/144450", "correlationVector":"51zYTfLWr3CPxlwsiwQJ25.140","action":"GetUpdates", "result":"DeleteReceived", "context":{"id":"fcd94b04-2463-4355-8f46-aed57db653b1", "isDeleted:":"true", "version":"1686153916758"}}
{"logTime": "0613/144450", "correlationVector":"51zYTfLWr3CPxlwsiwQJ25.141","action":"GetUpdates", "result":"DeleteReceived", "context":{"id":"9c558681-17a7-457c-bff3-166a6c3fd5a9", "isDeleted:":"true", "version":"1686153916762"}}
{"logTime": "0613/144450", "correlationVector":"51zYTfLWr3CPxlwsiwQJ25.142","action":"GetUpdates", "result":"DeleteReceived", "context":{"id":"4ae7bb36-b6eb-4d59-93a3-0164b1e403f5", "isDeleted:":"true", "version":"1686153916764"}}
{"logTime": "0613/144450", "correlationVector":"51zYTfLWr3CPxlwsiwQJ25.143","action":"GetUpdates", "result":"DeleteReceived", "context":{"id":"4fc81337-4c9f-4c9b-9036-6d28ca3023f6", "isDeleted:":"true", "version":"1686153916768"}}
{"logTime": "0613/144450", "correlationVector":"51zYTfLWr3CPxlwsiwQJ25.144","action":"GetUpdates", "result":"DeleteReceived", "context":{"id":"cc710ec9-9193-45db-a588-bdf0ab9678d3", "isDeleted:":"true", "version":"1686153916770"}}
{"logTime": "0613/144450", "correlationVector":"51zYTfLWr3CPxlwsiwQJ25.145","action":"GetUpdates", "result":"DeleteReceived", "context":{"id":"66f44ab1-5805-49f5-a56e-bc3561d1a876", "isDeleted:":"true", "version":"1686153916777"}}
{"logTime": "0613/144450", "correlationVector":"51zYTfLWr3CPxlwsiwQJ25.146","action":"GetUpdates", "result":"DeleteReceived", "context":{"id":"f6ed9415-ce35-4dc9-8838-1508c0c71b46", "isDeleted:":"true", "version":"1686153923139"}}
{"logTime": "0613/144450", "correlationVector":"51zYTfLWr3CPxlwsiwQJ25.147","action":"GetUpdates", "result":"DeleteReceived", "context":{"id":"f0bc29ec-56a7-433f-aa02-91686ca00d84", "isDeleted:":"true", "version":"1686153923140"}}
{"logTime": "0613/144450", "correlationVector":"51zYTfLWr3CPxlwsiwQJ25.148","action":"GetUpdates", "result":"DeleteReceived", "context":{"id":"94b3e929-aadb-4ec9-aacb-49693022cacd", "isDeleted:":"true", "version":"1686153923141"}}
{"logTime": "0613/144450", "correlationVector":"51zYTfLWr3CPxlwsiwQJ25.149","action":"GetUpdates", "result":"DeleteReceived", "context":{"id":"999f6eb4-44f7-452d-add1-6da9050a2220", "isDeleted:":"true", "version":"1686153923145"}}
{"logTime": "0613/144450", "correlationVector":"51zYTfLWr3CPxlwsiwQJ25.150","action":"GetUpdates", "result":"DeleteReceived", "context":{"id":"d1395538-2878-4ec2-8cf9-80b7907c5f3b", "isDeleted:":"true", "version":"1686153923146"}}
{"logTime": "0613/144450", "correlationVector":"51zYTfLWr3CPxlwsiwQJ25.151","action":"GetUpdates", "result":"DeleteReceived", "context":{"id":"0ee66040-2f97-48f1-bdf6-936ab7323efd", "isDeleted:":"true", "version":"1686153923147"}}
{"logTime": "0613/144450", "correlationVector":"51zYTfLWr3CPxlwsiwQJ25.152","action":"GetUpdates", "result":"DeleteReceived", "context":{"id":"6bc70c15-2a02-4573-b25c-1edab846ce48", "isDeleted:":"true", "version":"1686153923148"}}
{"logTime": "0613/144450", "correlationVector":"51zYTfLWr3CPxlwsiwQJ25.153","action":"GetUpdates", "result":"DeleteReceived", "context":{"id":"7e38d704-c5af-466d-a1f5-8736803b8ae2", "isDeleted:":"true", "version":"1686153923149"}}
{"logTime": "0613/144450", "correlationVector":"51zYTfLWr3CPxlwsiwQJ25.154","action":"GetUpdates", "result":"DeleteReceived", "context":{"id":"127db788-8964-42f6-93eb-ae3c24fb07ee", "isDeleted:":"true", "version":"1686153923151"}}
{"logTime": "0613/144450", "correlationVector":"51zYTfLWr3CPxlwsiwQJ25.155","action":"GetUpdates", "result":"DeleteReceived", "context":{"id":"2027053a-fb70-4824-9bee-60a8037c7954", "isDeleted:":"true", "version":"1686153923153"}}
{"logTime": "0613/144450", "correlationVector":"51zYTfLWr3CPxlwsiwQJ25.156","action":"GetUpdates", "result":"DeleteReceived", "context":{"id":"9cb81818-5382-4a51-9a40-53f627df49fc", "isDeleted:":"true", "version":"1686153923154"}}
{"logTime": "0613/144450", "correlationVector":"51zYTfLWr3CPxlwsiwQJ25.157","action":"GetUpdates", "result":"DeleteReceived", "context":{"id":"012a64d8-edff-4bbc-a301-03173eda1574", "isDeleted:":"true", "version":"1686153923155"}}
{"logTime": "0613/144450", "correlationVector":"51zYTfLWr3CPxlwsiwQJ25.158","action":"GetUpdates", "result":"DeleteReceived", "context":{"id":"4cc49c64-ab02-47a3-8563-94256e5addbf", "isDeleted:":"true", "version":"1686153925212"}}
{"logTime": "0613/144450", "correlationVector":"51zYTfLWr3CPxlwsiwQJ25.159","action":"GetUpdates", "result":"DeleteReceived", "context":{"id":"c8074655-94b0-49a1-a9bf-81a458a63f5b", "isDeleted:":"true", "version":"1686153925213"}}
{"logTime": "0613/144450", "correlationVector":"51zYTfLWr3CPxlwsiwQJ25.160","action":"GetUpdates", "result":"DeleteReceived", "context":{"id":"57e6eb91-26c8-4382-842f-e883fba247f2", "isDeleted:":"true", "version":"1686153925214"}}
{"logTime": "0613/144450", "correlationVector":"51zYTfLWr3CPxlwsiwQJ25.161","action":"GetUpdates", "result":"DeleteReceived", "context":{"id":"2b30c2a8-60a3-4cfc-b83c-b1bc23150db6", "isDeleted:":"true", "version":"1686153925215"}}
{"logTime": "0613/144450", "correlationVector":"51zYTfLWr3CPxlwsiwQJ25.162","action":"GetUpdates", "result":"DeleteReceived", "context":{"id":"91137017-fc2d-4108-b2f0-0ae95162847a", "isDeleted:":"true", "version":"1686153925216"}}
{"logTime": "0613/144450", "correlationVector":"51zYTfLWr3CPxlwsiwQJ25.163","action":"GetUpdates", "result":"DeleteReceived", "context":{"id":"74874b4c-4f71-4a49-b4ad-2f4214b81a9c", "isDeleted:":"true", "version":"1686153925217"}}
{"logTime": "0613/144450", "correlationVector":"51zYTfLWr3CPxlwsiwQJ25.164","action":"GetUpdates", "result":"DeleteReceived", "context":{"id":"adb7c146-15db-4103-ad67-95d8d532345a", "isDeleted:":"true", "version":"1686153925218"}}
{"logTime": "0613/144450", "correlationVector":"51zYTfLWr3CPxlwsiwQJ25.165","action":"GetUpdates", "result":"DeleteReceived", "context":{"id":"25ddc8b1-f11c-4c42-bf60-776183ee2021", "isDeleted:":"true", "version":"1686153925219"}}
{"logTime": "0613/144450", "correlationVector":"51zYTfLWr3CPxlwsiwQJ25.166","action":"GetUpdates", "result":"DeleteReceived", "context":{"id":"96513933-2047-467e-b0ca-a659b6f39d42", "isDeleted:":"true", "version":"1686153925223"}}
{"logTime": "0613/144450", "correlationVector":"51zYTfLWr3CPxlwsiwQJ25.167","action":"GetUpdates", "result":"DeleteReceived", "context":{"id":"9b611d55-8c60-456e-8ef0-be0ad4a78cd9", "isDeleted:":"true", "version":"1686197568596"}}
{"logTime": "0613/144450", "correlationVector":"51zYTfLWr3CPxlwsiwQJ25.168","action":"GetUpdates", "result":"DeleteReceived", "context":{"id":"cc45e281-15b5-4cf1-b4ab-8744a90fc86e", "isDeleted:":"true", "version":"1686197568597"}}
{"logTime": "0613/144450", "correlationVector":"51zYTfLWr3CPxlwsiwQJ25.169","action":"GetUpdates", "result":"DeleteReceived", "context":{"id":"3516883c-5c59-4334-a553-fc8efd38af15", "isDeleted:":"true", "version":"1686197568598"}}
{"logTime": "0613/144450", "correlationVector":"51zYTfLWr3CPxlwsiwQJ25.170","action":"GetUpdates", "result":"DeleteReceived", "context":{"id":"62c53cd9-7ed2-4ca1-8f5c-4249ab296615", "isDeleted:":"true", "version":"1686197568599"}}
{"logTime": "0613/144450", "correlationVector":"51zYTfLWr3CPxlwsiwQJ25.171","action":"GetUpdates", "result":"DeleteReceived", "context":{"id":"415f9742-2ebb-422d-9c07-25a187b1dd73", "isDeleted:":"true", "version":"1686197568600"}}
{"logTime": "0613/144450", "correlationVector":"51zYTfLWr3CPxlwsiwQJ25.172","action":"GetUpdates", "result":"DeleteReceived", "context":{"id":"01cb402b-e3cc-4ec6-9833-fbbb774c5a34", "isDeleted:":"true", "version":"1686197568601"}}
{"logTime": "0613/144450", "correlationVector":"51zYTfLWr3CPxlwsiwQJ25.173","action":"GetUpdates", "result":"DeleteReceived", "context":{"id":"a9e5a8c8-4e01-4fc6-ad19-458781cd587a", "isDeleted:":"true", "version":"1686197568602"}}
{"logTime": "0613/144450", "correlationVector":"51zYTfLWr3CPxlwsiwQJ25.174","action":"GetUpdates", "result":"DeleteReceived", "context":{"id":"aa56dfc5-655c-4cb1-8442-15a608c04d3e", "isDeleted:":"true", "version":"1686197568603"}}
{"logTime": "0613/144450", "correlationVector":"51zYTfLWr3CPxlwsiwQJ25.175","action":"GetUpdates", "result":"DeleteReceived", "context":{"id":"79acc154-dbbd-4055-896f-156eed5b3ce5", "isDeleted:":"true", "version":"1686197568604"}}
{"logTime": "0613/144450", "correlationVector":"51zYTfLWr3CPxlwsiwQJ25.176","action":"GetUpdates", "result":"DeleteReceived", "context":{"id":"1127ca84-5894-4091-9b55-7c82cbea7f3c", "isDeleted:":"true", "version":"1686197568605"}}
{"logTime": "0613/144450", "correlationVector":"51zYTfLWr3CPxlwsiwQJ25.177","action":"GetUpdates", "result":"DeleteReceived", "context":{"id":"b601487f-86bb-403e-a4bd-4e7f40080f00", "isDeleted:":"true", "version":"1686197568607"}}
{"logTime": "0613/144450", "correlationVector":"51zYTfLWr3CPxlwsiwQJ25.178","action":"GetUpdates", "result":"DeleteReceived", "context":{"id":"c8a5ce7d-757c-4014-b893-8b23fa56d616", "isDeleted:":"true", "version":"1686197568608"}}
{"logTime": "0613/144450", "correlationVector":"51zYTfLWr3CPxlwsiwQJ25.179","action":"GetUpdates", "result":"DeleteReceived", "context":{"id":"330f4acc-4e56-462f-a2c6-40ff6b48938c", "isDeleted:":"true", "version":"1686197568609"}}
{"logTime": "0613/144450", "correlationVector":"51zYTfLWr3CPxlwsiwQJ25.180","action":"GetUpdates", "result":"DeleteReceived", "context":{"id":"55b4b7d1-2d6c-41a5-83d1-4ae76b576f46", "isDeleted:":"true", "version":"1686197568610"}}
{"logTime": "0613/144450", "correlationVector":"51zYTfLWr3CPxlwsiwQJ25.181","action":"GetUpdates", "result":"DeleteReceived", "context":{"id":"da39ceb1-a466-41e0-9137-3277e1caab12", "isDeleted:":"true", "version":"1686198247915"}}
{"logTime": "0613/144450", "correlationVector":"51zYTfLWr3CPxlwsiwQJ25.182","action":"GetUpdates", "result":"DeleteReceived", "context":{"id":"91713659-c562-4177-94b9-558a3b3d18cc", "isDeleted:":"true", "version":"1686224502135"}}
{"logTime": "0613/144450", "correlationVector":"51zYTfLWr3CPxlwsiwQJ25.183","action":"GetUpdates", "result":"DeleteReceived", "context":{"id":"094121f4-6199-4cee-9d0e-d2f3c29fec8b", "isDeleted:":"true", "version":"1686224502136"}}
{"logTime": "0613/144450", "correlationVector":"51zYTfLWr3CPxlwsiwQJ25.184","action":"GetUpdates", "result":"DeleteReceived", "context":{"id":"f07ffbb5-c917-427d-b01c-e9daf108afd2", "isDeleted:":"true", "version":"1686224502137"}}
{"logTime": "0613/144450", "correlationVector":"51zYTfLWr3CPxlwsiwQJ25.185","action":"GetUpdates", "result":"DeleteReceived", "context":{"id":"c641a6b7-737b-4825-aec1-ff50a3d07df1", "isDeleted:":"true", "version":"1686224502139"}}
{"logTime": "0613/144450", "correlationVector":"51zYTfLWr3CPxlwsiwQJ25.186","action":"GetUpdates", "result":"DeleteReceived", "context":{"id":"dee379fa-c811-4a0e-b4ff-b79568f730e0", "isDeleted:":"true", "version":"1686224502141"}}
{"logTime": "0613/144450", "correlationVector":"51zYTfLWr3CPxlwsiwQJ25.187","action":"GetUpdates", "result":"DeleteReceived", "context":{"id":"2b314b19-3a9b-4487-aed8-37703b5c39df", "isDeleted:":"true", "version":"1686224502142"}}
{"logTime": "0613/144450", "correlationVector":"51zYTfLWr3CPxlwsiwQJ25.188","action":"GetUpdates", "result":"DeleteReceived", "context":{"id":"d7df91cc-9c45-4653-b2b7-92acb1d0af6c", "isDeleted:":"true", "version":"1686224502143"}}
{"logTime": "0613/144450", "correlationVector":"51zYTfLWr3CPxlwsiwQJ25.189","action":"GetUpdates", "result":"DeleteReceived", "context":{"id":"cf0d87d7-9bab-453b-b295-7fc9961f1e96", "isDeleted:":"true", "version":"1686224502145"}}
{"logTime": "0613/144450", "correlationVector":"51zYTfLWr3CPxlwsiwQJ25.190","action":"GetUpdates", "result":"DeleteReceived", "context":{"id":"ed42f47c-7422-4696-9f1d-802a785bcbce", "isDeleted:":"true", "version":"1686224502148"}}
{"logTime": "0613/144450", "correlationVector":"51zYTfLWr3CPxlwsiwQJ25.191","action":"GetUpdates", "result":"DeleteReceived", "context":{"id":"ee815b73-e1ca-4c33-ab72-59125a7e173c", "isDeleted:":"true", "version":"1686224502149"}}
{"logTime": "0613/144450", "correlationVector":"51zYTfLWr3CPxlwsiwQJ25.192","action":"GetUpdates", "result":"DeleteReceived", "context":{"id":"b40c2cb7-6c06-41bd-a478-9936a7d46afd", "isDeleted:":"true", "version":"1686224502150"}}
{"logTime": "0613/144450", "correlationVector":"51zYTfLWr3CPxlwsiwQJ25.193","action":"GetUpdates", "result":"DeleteReceived", "context":{"id":"65b679ad-8883-4471-b952-cfa49fab8608", "isDeleted:":"true", "version":"1686224502151"}}
{"logTime": "0613/144450", "correlationVector":"51zYTfLWr3CPxlwsiwQJ25.194","action":"GetUpdates", "result":"DeleteReceived", "context":{"id":"6ebf6f53-9e17-4dc5-bff3-dcee3a318bd6", "isDeleted:":"true", "version":"1686224502152"}}
{"logTime": "0613/144450", "correlationVector":"51zYTfLWr3CPxlwsiwQJ25.195","action":"GetUpdates", "result":"DeleteReceived", "context":{"id":"5076140c-9c08-49f6-9539-3f1ca265e9c3", "isDeleted:":"true", "version":"1686224502153"}}
{"logTime": "0613/144450", "correlationVector":"51zYTfLWr3CPxlwsiwQJ25.196","action":"GetUpdates", "result":"DeleteReceived", "context":{"id":"6487b51a-7147-4c66-8b16-696051d0b3a4", "isDeleted:":"true", "version":"1686224505678"}}
{"logTime": "0613/144450", "correlationVector":"51zYTfLWr3CPxlwsiwQJ25.197","action":"GetUpdates", "result":"DeleteReceived", "context":{"id":"24946789-342e-45de-b78f-946a244f3877", "isDeleted:":"true", "version":"1686224505683"}}
{"logTime": "0613/144450", "correlationVector":"51zYTfLWr3CPxlwsiwQJ25.198","action":"GetUpdates", "result":"DeleteReceived", "context":{"id":"d9d4e30f-0801-44ee-862e-8fbafcc9f487", "isDeleted:":"true", "version":"1686224505684"}}
{"logTime": "0613/144450", "correlationVector":"51zYTfLWr3CPxlwsiwQJ25.199","action":"GetUpdates", "result":"DeleteReceived", "context":{"id":"adda8f53-e2f7-4ad6-8c63-12d5f4e50db9", "isDeleted:":"true", "version":"1686224505691"}}
{"logTime": "0613/144450", "correlationVector":"51zYTfLWr3CPxlwsiwQJ25.200","action":"GetUpdates", "result":"DeleteReceived", "context":{"id":"906e1d85-a8b4-4bb6-b9a1-757f09201c3e", "isDeleted:":"true", "version":"1686224505693"}}
{"logTime": "0613/144450", "correlationVector":"51zYTfLWr3CPxlwsiwQJ25.201","action":"GetUpdates", "result":"DeleteReceived", "context":{"id":"d5dd51df-85a4-4c1b-bad9-f66f3b2e4166", "isDeleted:":"true", "version":"1686228134993"}}
{"logTime": "0613/144450", "correlationVector":"51zYTfLWr3CPxlwsiwQJ25.202","action":"GetUpdates", "result":"DeleteReceived", "context":{"id":"2d2465f8-1a44-40da-9825-7d425845eaff", "isDeleted:":"true", "version":"1686228134994"}}
{"logTime": "0613/144450", "correlationVector":"51zYTfLWr3CPxlwsiwQJ25.203","action":"GetUpdates", "result":"DeleteReceived", "context":{"id":"4def09d7-6a50-410d-9aeb-b82e6492ece2", "isDeleted:":"true", "version":"1686228134995"}}
{"logTime": "0613/144450", "correlationVector":"51zYTfLWr3CPxlwsiwQJ25.204","action":"GetUpdates", "result":"DeleteReceived", "context":{"id":"b7ef12a3-df6a-4770-964b-d931c4ad86c0", "isDeleted:":"true", "version":"1686228134996"}}
{"logTime": "0613/144450", "correlationVector":"51zYTfLWr3CPxlwsiwQJ25.205","action":"GetUpdates", "result":"DeleteReceived", "context":{"id":"0e3d6d63-b965-4287-9c2c-1c6de2337c67", "isDeleted:":"true", "version":"1686228134997"}}
{"logTime": "0613/144450", "correlationVector":"51zYTfLWr3CPxlwsiwQJ25.206","action":"GetUpdates", "result":"DeleteReceived", "context":{"id":"fe2cefb7-ae40-473c-98fd-8e842a644c90", "isDeleted:":"true", "version":"1686228135006"}}
{"logTime": "0613/144450", "correlationVector":"51zYTfLWr3CPxlwsiwQJ25.207","action":"GetUpdates", "result":"DeleteReceived", "context":{"id":"1579138e-0b9b-4382-b575-258e1575db4f", "isDeleted:":"true", "version":"1686228135007"}}
{"logTime": "0613/144450", "correlationVector":"51zYTfLWr3CPxlwsiwQJ25.208","action":"GetUpdates", "result":"DeleteReceived", "context":{"id":"a455314b-74fb-4114-ba02-4634ead6036e", "isDeleted:":"true", "version":"1686228135008"}}
{"logTime": "0613/144450", "correlationVector":"51zYTfLWr3CPxlwsiwQJ25.209","action":"GetUpdates", "result":"DeleteReceived", "context":{"id":"022538aa-759a-41af-8921-47af09f8eede", "isDeleted:":"true", "version":"1686229925996"}}
{"logTime": "0613/144450", "correlationVector":"51zYTfLWr3CPxlwsiwQJ25.210","action":"GetUpdates", "result":"DeleteReceived", "context":{"id":"eec29dd3-7310-474c-a76b-f0674a63bcf3", "isDeleted:":"true", "version":"1686240302083"}}
{"logTime": "0613/144450", "correlationVector":"51zYTfLWr3CPxlwsiwQJ25.211","action":"GetUpdates", "result":"DeleteReceived", "context":{"id":"2b044245-83d2-4a76-9a20-c30b87656835", "isDeleted:":"true", "version":"1686240597584"}}
{"logTime": "0613/144450", "correlationVector":"51zYTfLWr3CPxlwsiwQJ25.212","action":"GetUpdates", "result":"DeleteReceived", "context":{"id":"bfa26d0b-bab0-44af-b5e7-49ce867ed8e0", "isDeleted:":"true", "version":"1686240909826"}}
{"logTime": "0613/144450", "correlationVector":"51zYTfLWr3CPxlwsiwQJ25.213","action":"GetUpdates", "result":"DeleteReceived", "context":{"id":"52be16b2-8a21-46ec-9b8f-689902d22b04", "isDeleted:":"true", "version":"1686242956480"}}
{"logTime": "0613/144450", "correlationVector":"51zYTfLWr3CPxlwsiwQJ25.214","action":"GetUpdates", "result":"DeleteReceived", "context":{"id":"3b211a95-fee6-498b-96af-b1f949cb7fe4", "isDeleted:":"true", "version":"1686243711958"}}
{"logTime": "0613/144450", "correlationVector":"51zYTfLWr3CPxlwsiwQJ25.215","action":"GetUpdates", "result":"DeleteReceived", "context":{"id":"b386c9e8-d0eb-458d-ae8a-9faf28cca935", "isDeleted:":"true", "version":"1686243711961"}}
{"logTime": "0613/144450", "correlationVector":"51zYTfLWr3CPxlwsiwQJ25.216","action":"GetUpdates", "result":"DeleteReceived", "context":{"id":"be902a51-169a-4655-b988-1460d776fb57", "isDeleted:":"true", "version":"1686243711962"}}
{"logTime": "0613/144450", "correlationVector":"51zYTfLWr3CPxlwsiwQJ25.217","action":"GetUpdates", "result":"DeleteReceived", "context":{"id":"b8a5520e-6cbd-4e51-b7b1-a8b1457c1ebc", "isDeleted:":"true", "version":"1686243711963"}}
{"logTime": "0613/144450", "correlationVector":"51zYTfLWr3CPxlwsiwQJ25.218","action":"GetUpdates", "result":"DeleteReceived", "context":{"id":"d8cb9e15-5604-463a-a54b-edc8fd72d561", "isDeleted:":"true", "version":"1686243711965"}}
{"logTime": "0613/144450", "correlationVector":"51zYTfLWr3CPxlwsiwQJ25.219","action":"GetUpdates", "result":"DeleteReceived", "context":{"id":"c069dbc6-8ea2-4216-af34-6011f60517bf", "isDeleted:":"true", "version":"1686243711966"}}
{"logTime": "0613/144450", "correlationVector":"51zYTfLWr3CPxlwsiwQJ25.220","action":"GetUpdates", "result":"DeleteReceived", "context":{"id":"f9e61753-d74d-4cf5-86bb-77b0ebbecdd1", "isDeleted:":"true", "version":"1686243711969"}}
{"logTime": "0613/144450", "correlationVector":"51zYTfLWr3CPxlwsiwQJ25.221","action":"GetUpdates", "result":"DeleteReceived", "context":{"id":"7a1f8c2e-1cd8-4d40-ad23-a24c74125053", "isDeleted:":"true", "version":"1686243711974"}}
{"logTime": "0613/144450", "correlationVector":"51zYTfLWr3CPxlwsiwQJ25.222","action":"GetUpdates", "result":"DeleteReceived", "context":{"id":"65febda2-0662-4ed6-bf4f-34c8cee0195b", "isDeleted:":"true", "version":"1686246693663"}}
{"logTime": "0613/144450", "correlationVector":"51zYTfLWr3CPxlwsiwQJ25.223","action":"GetUpdates", "result":"DeleteReceived", "context":{"id":"9d511f18-3306-4225-b750-34a41c041262", "isDeleted:":"true", "version":"1686246693664"}}
{"logTime": "0613/144450", "correlationVector":"51zYTfLWr3CPxlwsiwQJ25.224","action":"GetUpdates", "result":"DeleteReceived", "context":{"id":"b09c7b3d-8b39-4fcd-b40f-0037b5f4b9cd", "isDeleted:":"true", "version":"1686246693665"}}
{"logTime": "0613/144450", "correlationVector":"51zYTfLWr3CPxlwsiwQJ25.225","action":"GetUpdates", "result":"DeleteReceived", "context":{"id":"6c085b51-b997-4893-88ea-285b7d35051e", "isDeleted:":"true", "version":"1686246693666"}}
{"logTime": "0613/144450", "correlationVector":"51zYTfLWr3CPxlwsiwQJ25.226","action":"GetUpdates", "result":"DeleteReceived", "context":{"id":"8d941e63-d81f-47a2-86f2-a890b31cee30", "isDeleted:":"true", "version":"1686246693667"}}
{"logTime": "0613/144450", "correlationVector":"51zYTfLWr3CPxlwsiwQJ25.227","action":"GetUpdates", "result":"DeleteReceived", "context":{"id":"a6b0e66a-6b7b-4c62-9a71-9d2f63042bbf", "isDeleted:":"true", "version":"1686246693668"}}
{"logTime": "0613/144450", "correlationVector":"51zYTfLWr3CPxlwsiwQJ25.228","action":"GetUpdates", "result":"DeleteReceived", "context":{"id":"02e14385-271e-4486-b08f-3a84a56651ce", "isDeleted:":"true", "version":"1686246693670"}}
{"logTime": "0613/144450", "correlationVector":"51zYTfLWr3CPxlwsiwQJ25.229","action":"GetUpdates", "result":"DeleteReceived", "context":{"id":"018c510d-d260-4c29-9020-bd68a9309e80", "isDeleted:":"true", "version":"1686246693671"}}
{"logTime": "0613/144450", "correlationVector":"51zYTfLWr3CPxlwsiwQJ25.230","action":"GetUpdates", "result":"DeleteReceived", "context":{"id":"e18312aa-9031-4403-8992-7542b26d1399", "isDeleted:":"true", "version":"1686246693672"}}
{"logTime": "0613/144450", "correlationVector":"51zYTfLWr3CPxlwsiwQJ25.231","action":"GetUpdates", "result":"DeleteReceived", "context":{"id":"3cac30f6-203a-4f85-97b9-82d6885ed12d", "isDeleted:":"true", "version":"1686251718348"}}
{"logTime": "0613/144450", "correlationVector":"51zYTfLWr3CPxlwsiwQJ25.232","action":"GetUpdates", "result":"DeleteReceived", "context":{"id":"b8172ed2-d0eb-481e-a2da-6b970f4237b1", "isDeleted:":"true", "version":"1686273389207"}}
{"logTime": "0613/144450", "correlationVector":"51zYTfLWr3CPxlwsiwQJ25.233","action":"GetUpdates", "result":"DeleteReceived", "context":{"id":"49846211-5457-4684-abe5-0c805f3e386f", "isDeleted:":"true", "version":"1686273389208"}}
{"logTime": "0613/144450", "correlationVector":"51zYTfLWr3CPxlwsiwQJ25.234","action":"GetUpdates", "result":"DeleteReceived", "context":{"id":"49ae9a77-f115-4452-9849-7813343accae", "isDeleted:":"true", "version":"1686273389209"}}
{"logTime": "0613/144450", "correlationVector":"51zYTfLWr3CPxlwsiwQJ25.235","action":"GetUpdates", "result":"DeleteReceived", "context":{"id":"2482e7db-5a20-487e-9170-4458fe20bef9", "isDeleted:":"true", "version":"1686273389211"}}
{"logTime": "0613/144450", "correlationVector":"51zYTfLWr3CPxlwsiwQJ25.236","action":"GetUpdates", "result":"DeleteReceived", "context":{"id":"e152dd8a-59e5-4f05-b312-76005daec3c3", "isDeleted:":"true", "version":"1686273389212"}}
{"logTime": "0613/144450", "correlationVector":"51zYTfLWr3CPxlwsiwQJ25.237","action":"GetUpdates", "result":"DeleteReceived", "context":{"id":"ac48878c-9de9-412b-a783-8cf8647a1e35", "isDeleted:":"true", "version":"1686273389213"}}
{"logTime": "0613/144450", "correlationVector":"51zYTfLWr3CPxlwsiwQJ25.238","action":"GetUpdates", "result":"DeleteReceived", "context":{"id":"01d29920-ed4b-4326-b0e7-2b4629a608bd", "isDeleted:":"true", "version":"1686275937177"}}
{"logTime": "0613/144450", "correlationVector":"51zYTfLWr3CPxlwsiwQJ25.239","action":"GetUpdates", "result":"DeleteReceived", "context":{"id":"81ceaf4f-3210-408d-b0b9-3a45a3f77aee", "isDeleted:":"true", "version":"1686276306037"}}
{"logTime": "0613/144450", "correlationVector":"51zYTfLWr3CPxlwsiwQJ25.240","action":"GetUpdates", "result":"DeleteReceived", "context":{"id":"d6b3051b-ada5-47c8-a7a9-3e450746a792", "isDeleted:":"true", "version":"1686278543312"}}
{"logTime": "0613/144450", "correlationVector":"51zYTfLWr3CPxlwsiwQJ25.241","action":"GetUpdates", "result":"DeleteReceived", "context":{"id":"74274172-71fa-4482-8a04-435ddfeb2446", "isDeleted:":"true", "version":"1686278638348"}}
{"logTime": "0613/144450", "correlationVector":"51zYTfLWr3CPxlwsiwQJ25.242","action":"GetUpdates", "result":"DeleteReceived", "context":{"id":"df6da665-2613-4ab2-91a3-352ad5e86c36", "isDeleted:":"true", "version":"1686279277551"}}
{"logTime": "0613/144450", "correlationVector":"51zYTfLWr3CPxlwsiwQJ25.243","action":"GetUpdates", "result":"DeleteReceived", "context":{"id":"876700c9-300d-4bdf-8c48-5fad37e60df1", "isDeleted:":"true", "version":"1686313916593"}}
{"logTime": "0613/144450", "correlationVector":"51zYTfLWr3CPxlwsiwQJ25.244","action":"GetUpdates", "result":"DeleteReceived", "context":{"id":"4dca4af2-0d0b-496a-930e-cfcb2b4750bc", "isDeleted:":"true", "version":"1686313916594"}}
{"logTime": "0613/144450", "correlationVector":"51zYTfLWr3CPxlwsiwQJ25.245","action":"GetUpdates Response", "result":"SERVER_MORE_TO_DOWNLOAD", "context":Received 250 update(s).  Some updates remain.}
{"logTime": "0613/144450", "correlationVector":"CVzWKN2ZSgQ5MNRv2goQ0w","action":"Initial GetUpdates", "result":"", "context":Reason: RECONFIGURATION. cV=CVzWKN2ZSgQ5MNRv2goQ0w}
{"logTime": "0613/144451", "correlationVector":"CVzWKN2ZSgQ5MNRv2goQ0w.1","action":"SyncServerConnectionManagerRequest", "result":"SYNC_SERVER_OK", "context":{"environment":"Prod_SoutheastAsia_000j", "migrationStage":"NotStarted", "server":"GENERAL01000017"}}
{"logTime": "0613/144451", "correlationVector":"CVzWKN2ZSgQ5MNRv2goQ0w.2","action":"GetUpdates", "result":"DeleteReceived", "context":{"id":"74da6474-5467-417c-a140-4d6ddc6b2f29", "isDeleted:":"true", "version":"1686313916595"}}
{"logTime": "0613/144451", "correlationVector":"CVzWKN2ZSgQ5MNRv2goQ0w.3","action":"GetUpdates", "result":"DeleteReceived", "context":{"id":"db1e53db-0d67-410c-a463-a98fca15f813", "isDeleted:":"true", "version":"1686313916597"}}
{"logTime": "0613/144451", "correlationVector":"CVzWKN2ZSgQ5MNRv2goQ0w.4","action":"GetUpdates", "result":"DeleteReceived", "context":{"id":"c16df517-5782-4a0e-b829-5a42af9f2c49", "isDeleted:":"true", "version":"1686316034275"}}
{"logTime": "0613/144451", "correlationVector":"CVzWKN2ZSgQ5MNRv2goQ0w.5","action":"GetUpdates", "result":"DeleteReceived", "context":{"id":"f0e2aa96-294e-4480-b4b7-1932f172abb3", "isDeleted:":"true", "version":"1686317623652"}}
{"logTime": "0613/144451", "correlationVector":"CVzWKN2ZSgQ5MNRv2goQ0w.6","action":"GetUpdates", "result":"DeleteReceived", "context":{"id":"99e8cca2-ceaa-4c8d-bb91-f2ae8f010a0a", "isDeleted:":"true", "version":"1686317623653"}}
{"logTime": "0613/144451", "correlationVector":"CVzWKN2ZSgQ5MNRv2goQ0w.7","action":"GetUpdates", "result":"DeleteReceived", "context":{"id":"35611674-6afc-4a3a-8919-981c7653d2b4", "isDeleted:":"true", "version":"1686317623654"}}
{"logTime": "0613/144451", "correlationVector":"CVzWKN2ZSgQ5MNRv2goQ0w.8","action":"GetUpdates", "result":"DeleteReceived", "context":{"id":"3370f101-56e0-4e12-a26e-70362fb9558f", "isDeleted:":"true", "version":"1686317623655"}}
{"logTime": "0613/144451", "correlationVector":"CVzWKN2ZSgQ5MNRv2goQ0w.9","action":"GetUpdates", "result":"DeleteReceived", "context":{"id":"4b0fa9a0-4a10-41cf-8ffb-cd77b870b7e7", "isDeleted:":"true", "version":"1686317623656"}}
{"logTime": "0613/144451", "correlationVector":"CVzWKN2ZSgQ5MNRv2goQ0w.10","action":"GetUpdates", "result":"DeleteReceived", "context":{"id":"0bd5fa5e-bde9-4354-ac1e-b29dc69cdd30", "isDeleted:":"true", "version":"1686317623658"}}
{"logTime": "0613/144451", "correlationVector":"CVzWKN2ZSgQ5MNRv2goQ0w.11","action":"GetUpdates", "result":"DeleteReceived", "context":{"id":"02809aa3-b425-443b-95b0-347f5e06c08b", "isDeleted:":"true", "version":"1686320823795"}}
{"logTime": "0613/144451", "correlationVector":"CVzWKN2ZSgQ5MNRv2goQ0w.12","action":"GetUpdates", "result":"DeleteReceived", "context":{"id":"de356ca4-cbec-49ed-8c5e-51d6e868c9ec", "isDeleted:":"true", "version":"1686325171479"}}
{"logTime": "0613/144451", "correlationVector":"CVzWKN2ZSgQ5MNRv2goQ0w.13","action":"GetUpdates", "result":"DeleteReceived", "context":{"id":"2691723e-9670-4aab-906a-3aef39a95e0e", "isDeleted:":"true", "version":"1686325216330"}}
{"logTime": "0613/144451", "correlationVector":"CVzWKN2ZSgQ5MNRv2goQ0w.14","action":"GetUpdates", "result":"DeleteReceived", "context":{"id":"00433ddc-c5d3-4ad1-accd-35db6d818736", "isDeleted:":"true", "version":"1686325716362"}}
{"logTime": "0613/144451", "correlationVector":"CVzWKN2ZSgQ5MNRv2goQ0w.15","action":"GetUpdates", "result":"DeleteReceived", "context":{"id":"dab93c6e-78b4-4081-8610-4d1451b82f8b", "isDeleted:":"true", "version":"1686326203401"}}
{"logTime": "0613/144451", "correlationVector":"CVzWKN2ZSgQ5MNRv2goQ0w.16","action":"GetUpdates", "result":"DeleteReceived", "context":{"id":"9c010419-7ef5-4eb3-b4d0-4bf7791eefef", "isDeleted:":"true", "version":"1686364885552"}}
{"logTime": "0613/144451", "correlationVector":"CVzWKN2ZSgQ5MNRv2goQ0w.17","action":"GetUpdates", "result":"DeleteReceived", "context":{"id":"af2efd88-b534-4ffc-a068-2a92cb0cbae2", "isDeleted:":"true", "version":"1686364885556"}}
{"logTime": "0613/144451", "correlationVector":"CVzWKN2ZSgQ5MNRv2goQ0w.18","action":"GetUpdates", "result":"DeleteReceived", "context":{"id":"27215898-05a5-4a72-a048-b616dd401ca5", "isDeleted:":"true", "version":"1686364885558"}}
{"logTime": "0613/144451", "correlationVector":"CVzWKN2ZSgQ5MNRv2goQ0w.19","action":"GetUpdates", "result":"DeleteReceived", "context":{"id":"d5f02bd8-84d8-4e08-a9ff-fbf4cab8f1e4", "isDeleted:":"true", "version":"1686364885563"}}
{"logTime": "0613/144451", "correlationVector":"CVzWKN2ZSgQ5MNRv2goQ0w.20","action":"GetUpdates", "result":"DeleteReceived", "context":{"id":"0424873b-8c1b-4001-a425-dad2f151592f", "isDeleted:":"true", "version":"1686364885565"}}
{"logTime": "0613/144451", "correlationVector":"CVzWKN2ZSgQ5MNRv2goQ0w.21","action":"GetUpdates", "result":"DeleteReceived", "context":{"id":"c70d3059-c004-4c5a-bc4b-6dff25e84aba", "isDeleted:":"true", "version":"1686364885566"}}
{"logTime": "0613/144451", "correlationVector":"CVzWKN2ZSgQ5MNRv2goQ0w.22","action":"GetUpdates", "result":"DeleteReceived", "context":{"id":"f9445e33-e24f-4d32-a39f-0dec28e74863", "isDeleted:":"true", "version":"1686364888592"}}
{"logTime": "0613/144451", "correlationVector":"CVzWKN2ZSgQ5MNRv2goQ0w.23","action":"GetUpdates", "result":"DeleteReceived", "context":{"id":"84508f82-2278-404e-9ee4-b868380b47b7", "isDeleted:":"true", "version":"1686364888594"}}
{"logTime": "0613/144451", "correlationVector":"CVzWKN2ZSgQ5MNRv2goQ0w.24","action":"GetUpdates", "result":"DeleteReceived", "context":{"id":"83ccb296-0056-414c-96e8-d85320da7709", "isDeleted:":"true", "version":"1686364888595"}}
{"logTime": "0613/144451", "correlationVector":"CVzWKN2ZSgQ5MNRv2goQ0w.25","action":"GetUpdates", "result":"DeleteReceived", "context":{"id":"e7bc5ad4-d8a1-4c40-a8e3-a733951c8a73", "isDeleted:":"true", "version":"1686364888596"}}
{"logTime": "0613/144451", "correlationVector":"CVzWKN2ZSgQ5MNRv2goQ0w.26","action":"GetUpdates", "result":"DeleteReceived", "context":{"id":"3a0a38e4-11c2-4853-b2fb-5feac6db3530", "isDeleted:":"true", "version":"1686364888600"}}
{"logTime": "0613/144451", "correlationVector":"CVzWKN2ZSgQ5MNRv2goQ0w.27","action":"GetUpdates", "result":"DeleteReceived", "context":{"id":"a2b01317-7621-430e-819c-aaf5261a90ec", "isDeleted:":"true", "version":"1686364888601"}}
{"logTime": "0613/144451", "correlationVector":"CVzWKN2ZSgQ5MNRv2goQ0w.28","action":"GetUpdates", "result":"DeleteReceived", "context":{"id":"47fa116a-f88d-4956-a497-28f5d6042f06", "isDeleted:":"true", "version":"1686364888602"}}
{"logTime": "0613/144451", "correlationVector":"CVzWKN2ZSgQ5MNRv2goQ0w.29","action":"GetUpdates", "result":"DeleteReceived", "context":{"id":"1dc064f2-26de-4774-b36a-87602699cc07", "isDeleted:":"true", "version":"1686364888603"}}
{"logTime": "0613/144451", "correlationVector":"CVzWKN2ZSgQ5MNRv2goQ0w.30","action":"GetUpdates", "result":"DeleteReceived", "context":{"id":"5d305bea-4a0c-4e81-84b9-7ef29a65bd6d", "isDeleted:":"true", "version":"1686364888604"}}
{"logTime": "0613/144451", "correlationVector":"CVzWKN2ZSgQ5MNRv2goQ0w.31","action":"GetUpdates", "result":"DeleteReceived", "context":{"id":"e0c55431-75f8-4eca-97b3-54a87fa80f89", "isDeleted:":"true", "version":"1686364888605"}}
{"logTime": "0613/144451", "correlationVector":"CVzWKN2ZSgQ5MNRv2goQ0w.32","action":"GetUpdates", "result":"DeleteReceived", "context":{"id":"49be21f1-4333-4621-b003-3de622e62b39", "isDeleted:":"true", "version":"1686364888607"}}
{"logTime": "0613/144451", "correlationVector":"CVzWKN2ZSgQ5MNRv2goQ0w.33","action":"GetUpdates", "result":"DeleteReceived", "context":{"id":"f36595c3-b85d-43f2-8000-2db7314e7019", "isDeleted:":"true", "version":"1686364888609"}}
{"logTime": "0613/144451", "correlationVector":"CVzWKN2ZSgQ5MNRv2goQ0w.34","action":"GetUpdates", "result":"DeleteReceived", "context":{"id":"e1520bd1-22c0-404a-8f7c-fd889f5d656d", "isDeleted:":"true", "version":"1686364888610"}}
{"logTime": "0613/144451", "correlationVector":"CVzWKN2ZSgQ5MNRv2goQ0w.35","action":"GetUpdates", "result":"DeleteReceived", "context":{"id":"8bce5f96-cb0c-4857-8371-1f477273b155", "isDeleted:":"true", "version":"1686364890975"}}
{"logTime": "0613/144451", "correlationVector":"CVzWKN2ZSgQ5MNRv2goQ0w.36","action":"GetUpdates", "result":"DeleteReceived", "context":{"id":"ab37cd6e-6c8d-4236-8b51-a7f281a71318", "isDeleted:":"true", "version":"1686364890981"}}
{"logTime": "0613/144451", "correlationVector":"CVzWKN2ZSgQ5MNRv2goQ0w.37","action":"GetUpdates", "result":"DeleteReceived", "context":{"id":"dab81fde-34bb-4b86-af39-e93b8fa8a517", "isDeleted:":"true", "version":"1686364890982"}}
{"logTime": "0613/144451", "correlationVector":"CVzWKN2ZSgQ5MNRv2goQ0w.38","action":"GetUpdates", "result":"DeleteReceived", "context":{"id":"f47fd7b9-7869-4a4a-91d3-de1293bab25e", "isDeleted:":"true", "version":"1686364890983"}}
{"logTime": "0613/144451", "correlationVector":"CVzWKN2ZSgQ5MNRv2goQ0w.39","action":"GetUpdates", "result":"DeleteReceived", "context":{"id":"cdd16717-5517-4ac1-a51e-5673df5550f5", "isDeleted:":"true", "version":"1686364890984"}}
{"logTime": "0613/144451", "correlationVector":"CVzWKN2ZSgQ5MNRv2goQ0w.40","action":"GetUpdates", "result":"DeleteReceived", "context":{"id":"0ba5176b-6bb2-4cf1-bbd0-7b7c1872958f", "isDeleted:":"true", "version":"1686364890985"}}
{"logTime": "0613/144451", "correlationVector":"CVzWKN2ZSgQ5MNRv2goQ0w.41","action":"GetUpdates", "result":"DeleteReceived", "context":{"id":"1bd833b5-1159-4446-b154-f69e35128c2c", "isDeleted:":"true", "version":"1686364890986"}}
{"logTime": "0613/144451", "correlationVector":"CVzWKN2ZSgQ5MNRv2goQ0w.42","action":"GetUpdates", "result":"DeleteReceived", "context":{"id":"588b9d2a-a819-48f0-ac35-2a6f94aeb84f", "isDeleted:":"true", "version":"1686364890988"}}
{"logTime": "0613/144451", "correlationVector":"CVzWKN2ZSgQ5MNRv2goQ0w.43","action":"GetUpdates", "result":"DeleteReceived", "context":{"id":"da4e29a6-951c-4fca-a697-1fb19c6d2991", "isDeleted:":"true", "version":"1686364890989"}}
{"logTime": "0613/144451", "correlationVector":"CVzWKN2ZSgQ5MNRv2goQ0w.44","action":"GetUpdates", "result":"DeleteReceived", "context":{"id":"4ae8007b-ccbb-4330-847d-fa5e9dce6e5a", "isDeleted:":"true", "version":"1686364890993"}}
{"logTime": "0613/144451", "correlationVector":"CVzWKN2ZSgQ5MNRv2goQ0w.45","action":"GetUpdates", "result":"DeleteReceived", "context":{"id":"f1343545-1464-49f2-9f03-d9c7f3b54150", "isDeleted:":"true", "version":"1686369576321"}}
{"logTime": "0613/144451", "correlationVector":"CVzWKN2ZSgQ5MNRv2goQ0w.46","action":"GetUpdates", "result":"DeleteReceived", "context":{"id":"ab86d1d2-7ca5-48e0-b425-a12982cacb09", "isDeleted:":"true", "version":"1686369576322"}}
{"logTime": "0613/144451", "correlationVector":"CVzWKN2ZSgQ5MNRv2goQ0w.47","action":"GetUpdates", "result":"DeleteReceived", "context":{"id":"65d479e0-d283-4d87-a510-8d1c2414b9cb", "isDeleted:":"true", "version":"1686369576323"}}
{"logTime": "0613/144451", "correlationVector":"CVzWKN2ZSgQ5MNRv2goQ0w.48","action":"GetUpdates", "result":"DeleteReceived", "context":{"id":"b7d42d7f-d670-4629-b02b-0985aa74a718", "isDeleted:":"true", "version":"1686369576324"}}
{"logTime": "0613/144451", "correlationVector":"CVzWKN2ZSgQ5MNRv2goQ0w.49","action":"GetUpdates", "result":"DeleteReceived", "context":{"id":"6c2af890-ee30-4892-992a-e3209630c980", "isDeleted:":"true", "version":"1686369576325"}}
{"logTime": "0613/144451", "correlationVector":"CVzWKN2ZSgQ5MNRv2goQ0w.50","action":"GetUpdates", "result":"DeleteReceived", "context":{"id":"139b05a0-e099-4a45-aa7d-2f5cfb4de288", "isDeleted:":"true", "version":"1686369576326"}}
{"logTime": "0613/144451", "correlationVector":"CVzWKN2ZSgQ5MNRv2goQ0w.51","action":"GetUpdates", "result":"DeleteReceived", "context":{"id":"98bc5c70-58b4-4ba1-9586-21eb3a65fb44", "isDeleted:":"true", "version":"1686369576327"}}
{"logTime": "0613/144451", "correlationVector":"CVzWKN2ZSgQ5MNRv2goQ0w.52","action":"GetUpdates", "result":"DeleteReceived", "context":{"id":"ebb90474-5384-475e-989b-92eb41de3fa3", "isDeleted:":"true", "version":"1686369576328"}}
{"logTime": "0613/144451", "correlationVector":"CVzWKN2ZSgQ5MNRv2goQ0w.53","action":"GetUpdates", "result":"DeleteReceived", "context":{"id":"28caad6f-6311-4209-b791-5614a8dbc3dc", "isDeleted:":"true", "version":"1686369576329"}}
{"logTime": "0613/144451", "correlationVector":"CVzWKN2ZSgQ5MNRv2goQ0w.54","action":"GetUpdates", "result":"DeleteReceived", "context":{"id":"264d2046-9f2a-4931-82ee-b97dc496531e", "isDeleted:":"true", "version":"1686369576330"}}
{"logTime": "0613/144451", "correlationVector":"CVzWKN2ZSgQ5MNRv2goQ0w.55","action":"GetUpdates", "result":"DeleteReceived", "context":{"id":"67656f23-7f97-45c0-a713-ad97990690c1", "isDeleted:":"true", "version":"1686369576331"}}
{"logTime": "0613/144451", "correlationVector":"CVzWKN2ZSgQ5MNRv2goQ0w.56","action":"GetUpdates", "result":"DeleteReceived", "context":{"id":"6318276c-dc66-4c84-a4e0-126893597593", "isDeleted:":"true", "version":"1686369576333"}}
{"logTime": "0613/144451", "correlationVector":"CVzWKN2ZSgQ5MNRv2goQ0w.57","action":"GetUpdates", "result":"DeleteReceived", "context":{"id":"f7528aa7-9f20-4621-af57-407f1a955747", "isDeleted:":"true", "version":"1686369576334"}}
{"logTime": "0613/144451", "correlationVector":"CVzWKN2ZSgQ5MNRv2goQ0w.58","action":"GetUpdates", "result":"DeleteReceived", "context":{"id":"9f350466-7c09-4a1b-895a-17c94353a284", "isDeleted:":"true", "version":"1686369576335"}}
{"logTime": "0613/144451", "correlationVector":"CVzWKN2ZSgQ5MNRv2goQ0w.59","action":"GetUpdates", "result":"DeleteReceived", "context":{"id":"d6556e49-9b62-4054-937c-542a5ded25b9", "isDeleted:":"true", "version":"1686369576336"}}
{"logTime": "0613/144451", "correlationVector":"CVzWKN2ZSgQ5MNRv2goQ0w.60","action":"GetUpdates", "result":"DeleteReceived", "context":{"id":"57f2a8c2-8981-4edb-846a-d53cb04c7501", "isDeleted:":"true", "version":"1686369576337"}}
{"logTime": "0613/144451", "correlationVector":"CVzWKN2ZSgQ5MNRv2goQ0w.61","action":"GetUpdates", "result":"DeleteReceived", "context":{"id":"81374ca3-37e4-4fc9-b9d8-fd6367b6c16c", "isDeleted:":"true", "version":"1686369576338"}}
{"logTime": "0613/144451", "correlationVector":"CVzWKN2ZSgQ5MNRv2goQ0w.62","action":"GetUpdates", "result":"DeleteReceived", "context":{"id":"ad284cc6-7c24-44b7-a2c8-09221c049fa2", "isDeleted:":"true", "version":"1686370568385"}}
{"logTime": "0613/144451", "correlationVector":"CVzWKN2ZSgQ5MNRv2goQ0w.63","action":"GetUpdates", "result":"DeleteReceived", "context":{"id":"208f744d-c63a-4c4c-972c-87add1d07842", "isDeleted:":"true", "version":"1686371114003"}}
{"logTime": "0613/144451", "correlationVector":"CVzWKN2ZSgQ5MNRv2goQ0w.64","action":"GetUpdates", "result":"DeleteReceived", "context":{"id":"c87c7ecd-bc49-4b3e-929f-05da6b4a8a58", "isDeleted:":"true", "version":"1686371164107"}}
{"logTime": "0613/144451", "correlationVector":"CVzWKN2ZSgQ5MNRv2goQ0w.65","action":"GetUpdates", "result":"DeleteReceived", "context":{"id":"5517be27-3ff4-4e07-a66c-dfd299f9f5af", "isDeleted:":"true", "version":"1686410587021"}}
{"logTime": "0613/144451", "correlationVector":"CVzWKN2ZSgQ5MNRv2goQ0w.66","action":"GetUpdates", "result":"DeleteReceived", "context":{"id":"a7d23c85-29d7-4c8c-b868-cba0a3ee5db6", "isDeleted:":"true", "version":"1686410587022"}}
{"logTime": "0613/144451", "correlationVector":"CVzWKN2ZSgQ5MNRv2goQ0w.67","action":"GetUpdates", "result":"DeleteReceived", "context":{"id":"1d8ea1f8-6ed9-4c74-9d72-1460696663e6", "isDeleted:":"true", "version":"1686410587023"}}
{"logTime": "0613/144451", "correlationVector":"CVzWKN2ZSgQ5MNRv2goQ0w.68","action":"GetUpdates", "result":"DeleteReceived", "context":{"id":"3931a8a9-21d2-481c-ac82-7a6bcf49c6d8", "isDeleted:":"true", "version":"1686410587024"}}
{"logTime": "0613/144451", "correlationVector":"CVzWKN2ZSgQ5MNRv2goQ0w.69","action":"GetUpdates", "result":"DeleteReceived", "context":{"id":"d7788ed1-aaae-4dec-ab7c-e90b6a885c24", "isDeleted:":"true", "version":"1686410587025"}}
{"logTime": "0613/144451", "correlationVector":"CVzWKN2ZSgQ5MNRv2goQ0w.70","action":"GetUpdates", "result":"DeleteReceived", "context":{"id":"65f25383-5a76-40d0-ade8-49abf1e9f707", "isDeleted:":"true", "version":"1686410587026"}}
{"logTime": "0613/144451", "correlationVector":"CVzWKN2ZSgQ5MNRv2goQ0w.71","action":"GetUpdates", "result":"DeleteReceived", "context":{"id":"a2d23c57-36a4-4313-8723-29bd5eafe83e", "isDeleted:":"true", "version":"1686410587027"}}
{"logTime": "0613/144451", "correlationVector":"CVzWKN2ZSgQ5MNRv2goQ0w.72","action":"GetUpdates", "result":"DeleteReceived", "context":{"id":"05da195d-e8a9-4bcf-ac82-c93c8c8fc658", "isDeleted:":"true", "version":"1686410587029"}}
{"logTime": "0613/144451", "correlationVector":"CVzWKN2ZSgQ5MNRv2goQ0w.73","action":"GetUpdates", "result":"DeleteReceived", "context":{"id":"69a20f15-6022-4828-9677-18cf8cb01671", "isDeleted:":"true", "version":"1686410587030"}}
{"logTime": "0613/144451", "correlationVector":"CVzWKN2ZSgQ5MNRv2goQ0w.74","action":"GetUpdates", "result":"DeleteReceived", "context":{"id":"bdf1dcda-1e6a-402d-89f1-3225070100e9", "isDeleted:":"true", "version":"1686410587031"}}
{"logTime": "0613/144451", "correlationVector":"CVzWKN2ZSgQ5MNRv2goQ0w.75","action":"GetUpdates", "result":"DeleteReceived", "context":{"id":"f7919335-92c2-4ff1-a7a3-5c3787a5cfd8", "isDeleted:":"true", "version":"1686410587032"}}
{"logTime": "0613/144451", "correlationVector":"CVzWKN2ZSgQ5MNRv2goQ0w.76","action":"GetUpdates", "result":"DeleteReceived", "context":{"id":"8f3ab7ee-e805-44ef-81a2-4e6e8413d292", "isDeleted:":"true", "version":"1686413674000"}}
{"logTime": "0613/144451", "correlationVector":"CVzWKN2ZSgQ5MNRv2goQ0w.77","action":"GetUpdates", "result":"DeleteReceived", "context":{"id":"c264fc3b-f953-4658-8499-70635e92f868", "isDeleted:":"true", "version":"1686416206247"}}
{"logTime": "0613/144451", "correlationVector":"CVzWKN2ZSgQ5MNRv2goQ0w.78","action":"GetUpdates", "result":"DeleteReceived", "context":{"id":"3c222f53-8e47-4fac-8a96-9dbe312855a0", "isDeleted:":"true", "version":"1686464617730"}}
{"logTime": "0613/144451", "correlationVector":"CVzWKN2ZSgQ5MNRv2goQ0w.79","action":"GetUpdates", "result":"DeleteReceived", "context":{"id":"64e416e2-63f2-4964-800f-9022fbade3c5", "isDeleted:":"true", "version":"1686464617731"}}
{"logTime": "0613/144451", "correlationVector":"CVzWKN2ZSgQ5MNRv2goQ0w.80","action":"GetUpdates", "result":"DeleteReceived", "context":{"id":"986651bc-3eee-47f4-80f0-970072ac9287", "isDeleted:":"true", "version":"1686464617732"}}
{"logTime": "0613/144451", "correlationVector":"CVzWKN2ZSgQ5MNRv2goQ0w.81","action":"GetUpdates", "result":"DeleteReceived", "context":{"id":"e0473006-7e7a-46f0-b88e-b787432a13c7", "isDeleted:":"true", "version":"1686464617733"}}
{"logTime": "0613/144451", "correlationVector":"CVzWKN2ZSgQ5MNRv2goQ0w.82","action":"GetUpdates", "result":"DeleteReceived", "context":{"id":"67a12869-cfbe-4a9e-bae6-afb4599d45f8", "isDeleted:":"true", "version":"1686464617734"}}
{"logTime": "0613/144451", "correlationVector":"CVzWKN2ZSgQ5MNRv2goQ0w.83","action":"GetUpdates", "result":"DeleteReceived", "context":{"id":"afe2075e-abd8-4620-83b0-900a6c397b23", "isDeleted:":"true", "version":"1686464617735"}}
{"logTime": "0613/144451", "correlationVector":"CVzWKN2ZSgQ5MNRv2goQ0w.84","action":"GetUpdates", "result":"DeleteReceived", "context":{"id":"a0469f20-5e33-45d8-8c5e-6f76645678e7", "isDeleted:":"true", "version":"1686464617736"}}
{"logTime": "0613/144451", "correlationVector":"CVzWKN2ZSgQ5MNRv2goQ0w.85","action":"GetUpdates", "result":"DeleteReceived", "context":{"id":"db025030-334b-4de2-a105-4f17bcca944a", "isDeleted:":"true", "version":"1686464617737"}}
{"logTime": "0613/144451", "correlationVector":"CVzWKN2ZSgQ5MNRv2goQ0w.86","action":"GetUpdates", "result":"DeleteReceived", "context":{"id":"21f7e6ab-f64f-46eb-ba4f-f663c01b4cf7", "isDeleted:":"true", "version":"1686464617738"}}
{"logTime": "0613/144451", "correlationVector":"CVzWKN2ZSgQ5MNRv2goQ0w.87","action":"GetUpdates", "result":"DeleteReceived", "context":{"id":"417d0aba-4d0a-46a3-a20b-b2eebf0e6fa2", "isDeleted:":"true", "version":"1686464617740"}}
{"logTime": "0613/144451", "correlationVector":"CVzWKN2ZSgQ5MNRv2goQ0w.88","action":"GetUpdates", "result":"DeleteReceived", "context":{"id":"a8adfbf2-361c-4115-95c7-3cc8deb24d4a", "isDeleted:":"true", "version":"1686464617741"}}
{"logTime": "0613/144451", "correlationVector":"CVzWKN2ZSgQ5MNRv2goQ0w.89","action":"GetUpdates", "result":"DeleteReceived", "context":{"id":"2a4a4918-94b3-469d-9a20-cd0f159c29e8", "isDeleted:":"true", "version":"1686464617742"}}
{"logTime": "0613/144451", "correlationVector":"CVzWKN2ZSgQ5MNRv2goQ0w.90","action":"GetUpdates", "result":"DeleteReceived", "context":{"id":"0157ea54-b450-498c-8638-0fbe74894e63", "isDeleted:":"true", "version":"1686466065415"}}
{"logTime": "0613/144451", "correlationVector":"CVzWKN2ZSgQ5MNRv2goQ0w.91","action":"GetUpdates", "result":"DeleteReceived", "context":{"id":"41bf0034-1e55-40e0-a563-c53d096740e8", "isDeleted:":"true", "version":"1686488813955"}}
{"logTime": "0613/144451", "correlationVector":"CVzWKN2ZSgQ5MNRv2goQ0w.92","action":"GetUpdates", "result":"DeleteReceived", "context":{"id":"0bf2f779-b0bf-45e5-8d19-e8e698bcef83", "isDeleted:":"true", "version":"1686501689040"}}
{"logTime": "0613/144451", "correlationVector":"CVzWKN2ZSgQ5MNRv2goQ0w.93","action":"GetUpdates", "result":"DeleteReceived", "context":{"id":"cdd76849-5cb5-4a26-b6b9-efb85266ac77", "isDeleted:":"true", "version":"1686502836216"}}
{"logTime": "0613/144451", "correlationVector":"CVzWKN2ZSgQ5MNRv2goQ0w.94","action":"GetUpdates", "result":"DeleteReceived", "context":{"id":"487af319-30f5-48eb-be66-940f48a80684", "isDeleted:":"true", "version":"1686502836218"}}
{"logTime": "0613/144451", "correlationVector":"CVzWKN2ZSgQ5MNRv2goQ0w.95","action":"GetUpdates", "result":"DeleteReceived", "context":{"id":"f0ca8242-94e0-414c-99c1-bdc5918f0d88", "isDeleted:":"true", "version":"1686502906631"}}
{"logTime": "0613/144451", "correlationVector":"CVzWKN2ZSgQ5MNRv2goQ0w.96","action":"GetUpdates", "result":"DeleteReceived", "context":{"id":"2a56f2ef-a600-49a1-bf6e-40a5854bb748", "isDeleted:":"true", "version":"1686502906632"}}
{"logTime": "0613/144452", "correlationVector":"CVzWKN2ZSgQ5MNRv2goQ0w.97","action":"GetUpdates", "result":"DeleteReceived", "context":{"id":"c26f40e1-c4bf-4dc9-96ab-abd5db80a488", "isDeleted:":"true", "version":"1686502906633"}}
{"logTime": "0613/144452", "correlationVector":"CVzWKN2ZSgQ5MNRv2goQ0w.98","action":"GetUpdates", "result":"DeleteReceived", "context":{"id":"c31c4210-ecdb-46ce-b32c-b5c75b1212df", "isDeleted:":"true", "version":"1686502906634"}}
{"logTime": "0613/144452", "correlationVector":"CVzWKN2ZSgQ5MNRv2goQ0w.99","action":"GetUpdates", "result":"DeleteReceived", "context":{"id":"782e8dca-b008-448b-8335-02c9b8fab203", "isDeleted:":"true", "version":"1686502906635"}}
{"logTime": "0613/144452", "correlationVector":"CVzWKN2ZSgQ5MNRv2goQ0w.100","action":"GetUpdates", "result":"DeleteReceived", "context":{"id":"b1bd7052-aa06-454f-afa8-5420ce3fc158", "isDeleted:":"true", "version":"1686502906636"}}
{"logTime": "0613/144452", "correlationVector":"CVzWKN2ZSgQ5MNRv2goQ0w.101","action":"GetUpdates", "result":"DeleteReceived", "context":{"id":"6be4ff38-d7a9-4677-8f73-6b273578859c", "isDeleted:":"true", "version":"1686502906637"}}
{"logTime": "0613/144452", "correlationVector":"CVzWKN2ZSgQ5MNRv2goQ0w.102","action":"GetUpdates", "result":"DeleteReceived", "context":{"id":"f8d0e3d8-1589-4e42-b158-a5fcb2514577", "isDeleted:":"true", "version":"1686502906638"}}
{"logTime": "0613/144452", "correlationVector":"CVzWKN2ZSgQ5MNRv2goQ0w.103","action":"GetUpdates", "result":"DeleteReceived", "context":{"id":"8655ed31-6e56-4394-a587-a9ecc5a03192", "isDeleted:":"true", "version":"1686502906639"}}
{"logTime": "0613/144452", "correlationVector":"CVzWKN2ZSgQ5MNRv2goQ0w.104","action":"GetUpdates", "result":"DeleteReceived", "context":{"id":"3c09342c-ff3c-495d-81f0-2c4daaede635", "isDeleted:":"true", "version":"1686502906640"}}
{"logTime": "0613/144452", "correlationVector":"CVzWKN2ZSgQ5MNRv2goQ0w.105","action":"GetUpdates", "result":"DeleteReceived", "context":{"id":"64b719e0-0fbb-4a59-b1f8-be6e85a2c824", "isDeleted:":"true", "version":"1686502906641"}}
{"logTime": "0613/144452", "correlationVector":"CVzWKN2ZSgQ5MNRv2goQ0w.106","action":"GetUpdates", "result":"DeleteReceived", "context":{"id":"a23836ef-b68b-473a-9c87-c9e359aef827", "isDeleted:":"true", "version":"1686502906642"}}
{"logTime": "0613/144452", "correlationVector":"CVzWKN2ZSgQ5MNRv2goQ0w.107","action":"GetUpdates", "result":"DeleteReceived", "context":{"id":"98244727-6852-4f07-b7f3-236b3a821164", "isDeleted:":"true", "version":"1686502906643"}}
{"logTime": "0613/144452", "correlationVector":"CVzWKN2ZSgQ5MNRv2goQ0w.108","action":"GetUpdates", "result":"DeleteReceived", "context":{"id":"fbca36db-1e27-4aa8-88cf-caf819907d42", "isDeleted:":"true", "version":"1686502906644"}}
{"logTime": "0613/144452", "correlationVector":"CVzWKN2ZSgQ5MNRv2goQ0w.109","action":"GetUpdates", "result":"DeleteReceived", "context":{"id":"7e132112-b094-4c15-b450-8bf37695c24d", "isDeleted:":"true", "version":"1686502906645"}}
{"logTime": "0613/144452", "correlationVector":"CVzWKN2ZSgQ5MNRv2goQ0w.110","action":"GetUpdates", "result":"DeleteReceived", "context":{"id":"87bc6df8-c2cf-437f-835c-60e75ef8ce7f", "isDeleted:":"true", "version":"1686502906646"}}
{"logTime": "0613/144452", "correlationVector":"CVzWKN2ZSgQ5MNRv2goQ0w.111","action":"GetUpdates", "result":"DeleteReceived", "context":{"id":"15c3f3f2-5bda-455b-b7db-c02fc7313d9d", "isDeleted:":"true", "version":"1686502906647"}}
{"logTime": "0613/144452", "correlationVector":"CVzWKN2ZSgQ5MNRv2goQ0w.112","action":"GetUpdates", "result":"DeleteReceived", "context":{"id":"31b63929-0851-40b1-ad32-6212ed036b0a", "isDeleted:":"true", "version":"1686502906649"}}
{"logTime": "0613/144452", "correlationVector":"CVzWKN2ZSgQ5MNRv2goQ0w.113","action":"GetUpdates", "result":"DeleteReceived", "context":{"id":"43031dc4-b5ff-4b35-ba60-e4f1928d0ba3", "isDeleted:":"true", "version":"1686502906650"}}
{"logTime": "0613/144452", "correlationVector":"CVzWKN2ZSgQ5MNRv2goQ0w.114","action":"GetUpdates", "result":"DeleteReceived", "context":{"id":"235bdd51-41b6-4f6a-add1-794982e8d531", "isDeleted:":"true", "version":"1686502907914"}}
{"logTime": "0613/144452", "correlationVector":"CVzWKN2ZSgQ5MNRv2goQ0w.115","action":"GetUpdates", "result":"DeleteReceived", "context":{"id":"1380c3ce-fdd4-48d6-a0bb-4f4cb981f41e", "isDeleted:":"true", "version":"1686502907915"}}
{"logTime": "0613/144452", "correlationVector":"CVzWKN2ZSgQ5MNRv2goQ0w.116","action":"GetUpdates", "result":"DeleteReceived", "context":{"id":"493d7384-b086-4443-b159-bf19bfa09900", "isDeleted:":"true", "version":"1686502907916"}}
{"logTime": "0613/144452", "correlationVector":"CVzWKN2ZSgQ5MNRv2goQ0w.117","action":"GetUpdates", "result":"DeleteReceived", "context":{"id":"85da2223-1001-4067-85b4-5583fbc377f9", "isDeleted:":"true", "version":"1686502907917"}}
{"logTime": "0613/144452", "correlationVector":"CVzWKN2ZSgQ5MNRv2goQ0w.118","action":"GetUpdates", "result":"DeleteReceived", "context":{"id":"0c745d24-7cda-4f03-a070-cafc90828b65", "isDeleted:":"true", "version":"1686502907918"}}
{"logTime": "0613/144452", "correlationVector":"CVzWKN2ZSgQ5MNRv2goQ0w.119","action":"GetUpdates", "result":"DeleteReceived", "context":{"id":"64857796-65fc-4ece-845d-589de1951360", "isDeleted:":"true", "version":"1686502907919"}}
{"logTime": "0613/144452", "correlationVector":"CVzWKN2ZSgQ5MNRv2goQ0w.120","action":"GetUpdates", "result":"DeleteReceived", "context":{"id":"7e9b02fb-6a39-4f52-901b-cd80ab9254c7", "isDeleted:":"true", "version":"1686502907920"}}
{"logTime": "0613/144452", "correlationVector":"CVzWKN2ZSgQ5MNRv2goQ0w.121","action":"GetUpdates", "result":"DeleteReceived", "context":{"id":"1e8fe2a2-10e2-46f6-8397-aa3d4d7c6ed8", "isDeleted:":"true", "version":"1686502907922"}}
{"logTime": "0613/144452", "correlationVector":"CVzWKN2ZSgQ5MNRv2goQ0w.122","action":"GetUpdates", "result":"DeleteReceived", "context":{"id":"751f7b3c-96e8-4f83-91c0-072bf1d82d0f", "isDeleted:":"true", "version":"1686538904276"}}
{"logTime": "0613/144452", "correlationVector":"CVzWKN2ZSgQ5MNRv2goQ0w.123","action":"GetUpdates", "result":"DeleteReceived", "context":{"id":"5e372020-5ca2-4240-ad82-7d9bfcc9883c", "isDeleted:":"true", "version":"1686538904277"}}
{"logTime": "0613/144452", "correlationVector":"CVzWKN2ZSgQ5MNRv2goQ0w.124","action":"GetUpdates", "result":"DeleteReceived", "context":{"id":"eb6ef17e-03d4-4e11-b18b-66e8953a3b8a", "isDeleted:":"true", "version":"1686538904278"}}
{"logTime": "0613/144452", "correlationVector":"CVzWKN2ZSgQ5MNRv2goQ0w.125","action":"GetUpdates", "result":"DeleteReceived", "context":{"id":"10b10cf8-913f-4b0d-8703-fb21ae16cb58", "isDeleted:":"true", "version":"1686538904281"}}
{"logTime": "0613/144452", "correlationVector":"CVzWKN2ZSgQ5MNRv2goQ0w.126","action":"GetUpdates", "result":"DeleteReceived", "context":{"id":"3c89c1eb-719c-4e3b-aaa1-0899ad709a17", "isDeleted:":"true", "version":"1686538904283"}}
{"logTime": "0613/144452", "correlationVector":"CVzWKN2ZSgQ5MNRv2goQ0w.127","action":"GetUpdates", "result":"DeleteReceived", "context":{"id":"e36603a9-92ca-4e2b-8182-19fcd51dd9c9", "isDeleted:":"true", "version":"1686538904284"}}
{"logTime": "0613/144452", "correlationVector":"CVzWKN2ZSgQ5MNRv2goQ0w.128","action":"GetUpdates", "result":"DeleteReceived", "context":{"id":"92fbcdec-caec-48ca-8e11-737a652c3b21", "isDeleted:":"true", "version":"1686538904285"}}
{"logTime": "0613/144452", "correlationVector":"CVzWKN2ZSgQ5MNRv2goQ0w.129","action":"GetUpdates", "result":"DeleteReceived", "context":{"id":"51dcf6a1-9d18-4d2b-b816-65ac2ba098ca", "isDeleted:":"true", "version":"1686538904286"}}
{"logTime": "0613/144452", "correlationVector":"CVzWKN2ZSgQ5MNRv2goQ0w.130","action":"GetUpdates", "result":"DeleteReceived", "context":{"id":"bb38b9ca-40e5-4541-b8fc-6677d13608f2", "isDeleted:":"true", "version":"1686538904288"}}
{"logTime": "0613/144452", "correlationVector":"CVzWKN2ZSgQ5MNRv2goQ0w.131","action":"GetUpdates", "result":"DeleteReceived", "context":{"id":"136608b0-cf5f-4e30-987a-d1107c38afa7", "isDeleted:":"true", "version":"1686538904291"}}
{"logTime": "0613/144452", "correlationVector":"CVzWKN2ZSgQ5MNRv2goQ0w.132","action":"GetUpdates", "result":"DeleteReceived", "context":{"id":"b4c78aaf-4382-45d1-a40c-acab1e467069", "isDeleted:":"true", "version":"1686538904292"}}
{"logTime": "0613/144452", "correlationVector":"CVzWKN2ZSgQ5MNRv2goQ0w.133","action":"GetUpdates", "result":"DeleteReceived", "context":{"id":"24ec0044-b0a5-4e90-bfff-aa4cfbd2f13f", "isDeleted:":"true", "version":"1686538904293"}}
{"logTime": "0613/144452", "correlationVector":"CVzWKN2ZSgQ5MNRv2goQ0w.134","action":"GetUpdates", "result":"DeleteReceived", "context":{"id":"ce19798a-60b7-41dd-bbca-8233807e0b24", "isDeleted:":"true", "version":"1686538909694"}}
{"logTime": "0613/144452", "correlationVector":"CVzWKN2ZSgQ5MNRv2goQ0w.135","action":"GetUpdates", "result":"DeleteReceived", "context":{"id":"bc776a3e-82a7-40bf-b2da-81309e7fe7fb", "isDeleted:":"true", "version":"1686538909695"}}
{"logTime": "0613/144452", "correlationVector":"CVzWKN2ZSgQ5MNRv2goQ0w.136","action":"GetUpdates", "result":"DeleteReceived", "context":{"id":"55f7f139-f836-4c5b-b973-d69c8fc15c12", "isDeleted:":"true", "version":"1686538909696"}}
{"logTime": "0613/144452", "correlationVector":"CVzWKN2ZSgQ5MNRv2goQ0w.137","action":"GetUpdates", "result":"DeleteReceived", "context":{"id":"505e4d70-6449-4e6f-b254-c09775522cb7", "isDeleted:":"true", "version":"1686538909698"}}
{"logTime": "0613/144452", "correlationVector":"CVzWKN2ZSgQ5MNRv2goQ0w.138","action":"GetUpdates", "result":"DeleteReceived", "context":{"id":"8c6a87e4-d2c9-4750-bb66-d86d2aee2959", "isDeleted:":"true", "version":"1686538909704"}}
{"logTime": "0613/144452", "correlationVector":"CVzWKN2ZSgQ5MNRv2goQ0w.139","action":"GetUpdates", "result":"DeleteReceived", "context":{"id":"82c750b6-e8e9-4ef4-a4ed-f18c8047f6ea", "isDeleted:":"true", "version":"1686538909705"}}
{"logTime": "0613/144452", "correlationVector":"CVzWKN2ZSgQ5MNRv2goQ0w.140","action":"GetUpdates", "result":"DeleteReceived", "context":{"id":"35f4f032-2f47-4a42-b127-87ca281b86dd", "isDeleted:":"true", "version":"1686538909712"}}
{"logTime": "0613/144452", "correlationVector":"CVzWKN2ZSgQ5MNRv2goQ0w.141","action":"GetUpdates", "result":"DeleteReceived", "context":{"id":"1a5899d4-455d-4233-a87d-a392491d1c32", "isDeleted:":"true", "version":"1686538912375"}}
{"logTime": "0613/144452", "correlationVector":"CVzWKN2ZSgQ5MNRv2goQ0w.142","action":"GetUpdates", "result":"DeleteReceived", "context":{"id":"46013997-9b7a-4062-af70-0f2f93b02a23", "isDeleted:":"true", "version":"1686538912377"}}
{"logTime": "0613/144452", "correlationVector":"CVzWKN2ZSgQ5MNRv2goQ0w.143","action":"GetUpdates", "result":"DeleteReceived", "context":{"id":"8b7cf3a3-bbb3-4f99-8a26-c519144f7cf3", "isDeleted:":"true", "version":"1686538912379"}}
{"logTime": "0613/144452", "correlationVector":"CVzWKN2ZSgQ5MNRv2goQ0w.144","action":"GetUpdates", "result":"DeleteReceived", "context":{"id":"4bcf5106-eba3-4551-919c-e387cb39be88", "isDeleted:":"true", "version":"1686538912380"}}
{"logTime": "0613/144452", "correlationVector":"CVzWKN2ZSgQ5MNRv2goQ0w.145","action":"GetUpdates", "result":"DeleteReceived", "context":{"id":"b905667a-094a-4f16-bd6a-a02999b0ad2a", "isDeleted:":"true", "version":"1686538912381"}}
{"logTime": "0613/144452", "correlationVector":"CVzWKN2ZSgQ5MNRv2goQ0w.146","action":"GetUpdates", "result":"DeleteReceived", "context":{"id":"2a9b4559-7d13-4d7f-9c9e-4475b753ec40", "isDeleted:":"true", "version":"1686538912382"}}
{"logTime": "0613/144452", "correlationVector":"CVzWKN2ZSgQ5MNRv2goQ0w.147","action":"GetUpdates", "result":"DeleteReceived", "context":{"id":"858e8328-d03b-47c6-aae2-9d190d3721a4", "isDeleted:":"true", "version":"1686538912383"}}
{"logTime": "0613/144452", "correlationVector":"CVzWKN2ZSgQ5MNRv2goQ0w.148","action":"GetUpdates", "result":"DeleteReceived", "context":{"id":"70e786c7-ccd0-4ab0-8881-9c68ac5d0607", "isDeleted:":"true", "version":"1686538912390"}}
{"logTime": "0613/144452", "correlationVector":"CVzWKN2ZSgQ5MNRv2goQ0w.149","action":"GetUpdates", "result":"DeleteReceived", "context":{"id":"58a5841e-a681-4db9-adc8-00340b1d9381", "isDeleted:":"true", "version":"1686538912393"}}
{"logTime": "0613/144452", "correlationVector":"CVzWKN2ZSgQ5MNRv2goQ0w.150","action":"GetUpdates", "result":"DeleteReceived", "context":{"id":"0a841d26-2230-40de-a383-7b286cfe9e41", "isDeleted:":"true", "version":"1686538912394"}}
{"logTime": "0613/144452", "correlationVector":"CVzWKN2ZSgQ5MNRv2goQ0w.151","action":"GetUpdates", "result":"DeleteReceived", "context":{"id":"d7427f58-145f-4aa9-b5b5-4081941f3fa0", "isDeleted:":"true", "version":"1686538913554"}}
{"logTime": "0613/144452", "correlationVector":"CVzWKN2ZSgQ5MNRv2goQ0w.152","action":"GetUpdates", "result":"DeleteReceived", "context":{"id":"eda35b0a-5220-4ce3-ae28-aaae7c2e707a", "isDeleted:":"true", "version":"1686552180940"}}
{"logTime": "0613/144452", "correlationVector":"CVzWKN2ZSgQ5MNRv2goQ0w.153","action":"GetUpdates", "result":"DeleteReceived", "context":{"id":"bd87ab71-1ff2-4688-8594-529b679e59ef", "isDeleted:":"true", "version":"1686552180941"}}
{"logTime": "0613/144452", "correlationVector":"CVzWKN2ZSgQ5MNRv2goQ0w.154","action":"GetUpdates", "result":"DeleteReceived", "context":{"id":"d50cd0dc-ffe6-4b00-9c3a-90e622f5931d", "isDeleted:":"true", "version":"1686552180943"}}
{"logTime": "0613/144452", "correlationVector":"CVzWKN2ZSgQ5MNRv2goQ0w.155","action":"GetUpdates", "result":"DeleteReceived", "context":{"id":"da8db269-6019-4b0f-8340-4df0d13f0f71", "isDeleted:":"true", "version":"1686552463798"}}
{"logTime": "0613/144452", "correlationVector":"CVzWKN2ZSgQ5MNRv2goQ0w.156","action":"GetUpdates", "result":"DeleteReceived", "context":{"id":"1c28adc3-8d5c-4e14-971c-67f6d06cb3f4", "isDeleted:":"true", "version":"1686552463800"}}
{"logTime": "0613/144452", "correlationVector":"CVzWKN2ZSgQ5MNRv2goQ0w.157","action":"GetUpdates", "result":"DeleteReceived", "context":{"id":"49ff1737-e0e7-4e7a-bd9c-8b27243678d4", "isDeleted:":"true", "version":"1686552567867"}}
{"logTime": "0613/144452", "correlationVector":"CVzWKN2ZSgQ5MNRv2goQ0w.158","action":"GetUpdates", "result":"DeleteReceived", "context":{"id":"0add89df-f016-4e99-9f5e-e44a65a4a604", "isDeleted:":"true", "version":"1686586622419"}}
{"logTime": "0613/144452", "correlationVector":"CVzWKN2ZSgQ5MNRv2goQ0w.159","action":"GetUpdates", "result":"DeleteReceived", "context":{"id":"3839b37c-442e-4ed3-b1b3-cdfa6209eb06", "isDeleted:":"true", "version":"1686613388629"}}
{"logTime": "0613/144452", "correlationVector":"CVzWKN2ZSgQ5MNRv2goQ0w.160","action":"GetUpdates", "result":"DeleteReceived", "context":{"id":"b65521b4-09af-4a29-ba0b-e96f9dce5c66", "isDeleted:":"true", "version":"1686615632496"}}
{"logTime": "0613/144452", "correlationVector":"CVzWKN2ZSgQ5MNRv2goQ0w.161","action":"GetUpdates", "result":"DeleteReceived", "context":{"id":"022d7d83-802e-43a6-8f44-277729bead7e", "isDeleted:":"true", "version":"1686617237719"}}
{"logTime": "0613/144452", "correlationVector":"CVzWKN2ZSgQ5MNRv2goQ0w.162","action":"GetUpdates", "result":"DeleteReceived", "context":{"id":"e552f559-e3c3-4336-8a3f-fccab0d751c1", "isDeleted:":"true", "version":"1686617237720"}}
{"logTime": "0613/144452", "correlationVector":"CVzWKN2ZSgQ5MNRv2goQ0w.163","action":"GetUpdates", "result":"DeleteReceived", "context":{"id":"15d4cc2e-ab3a-4ff4-b030-e736d09709fd", "isDeleted:":"true", "version":"1686617237721"}}
{"logTime": "0613/144452", "correlationVector":"CVzWKN2ZSgQ5MNRv2goQ0w.164","action":"GetUpdates", "result":"DeleteReceived", "context":{"id":"41cf3507-48da-466c-9217-b984e69c88f4", "isDeleted:":"true", "version":"1686617237722"}}
{"logTime": "0613/144452", "correlationVector":"CVzWKN2ZSgQ5MNRv2goQ0w.165","action":"GetUpdates", "result":"DeleteReceived", "context":{"id":"b4eaf519-cbf2-419d-a924-12e744509a68", "isDeleted:":"true", "version":"1686617237723"}}
{"logTime": "0613/144452", "correlationVector":"CVzWKN2ZSgQ5MNRv2goQ0w.166","action":"GetUpdates", "result":"DeleteReceived", "context":{"id":"2da6db88-99aa-4781-b21c-05fbfab145a9", "isDeleted:":"true", "version":"1686617237724"}}
{"logTime": "0613/144452", "correlationVector":"CVzWKN2ZSgQ5MNRv2goQ0w.167","action":"GetUpdates", "result":"DeleteReceived", "context":{"id":"e4c5e7e9-9778-4b5f-8b8f-c30673191f30", "isDeleted:":"true", "version":"1686617237725"}}
{"logTime": "0613/144452", "correlationVector":"CVzWKN2ZSgQ5MNRv2goQ0w.168","action":"GetUpdates", "result":"DeleteReceived", "context":{"id":"390f1a0c-0e4d-482b-b265-fa944e79e048", "isDeleted:":"true", "version":"1686617237726"}}
{"logTime": "0613/144452", "correlationVector":"CVzWKN2ZSgQ5MNRv2goQ0w.169","action":"GetUpdates", "result":"DeleteReceived", "context":{"id":"76dbb3ee-38d1-4b5f-9a08-4fda1ae76fe9", "isDeleted:":"true", "version":"1686617237728"}}
{"logTime": "0613/144452", "correlationVector":"CVzWKN2ZSgQ5MNRv2goQ0w.170","action":"GetUpdates", "result":"DeleteReceived", "context":{"id":"a71c2264-9b0d-4358-ac1b-2018ffab1212", "isDeleted:":"true", "version":"1686617237729"}}
{"logTime": "0613/144452", "correlationVector":"CVzWKN2ZSgQ5MNRv2goQ0w.171","action":"GetUpdates", "result":"DeleteReceived", "context":{"id":"4a3d122f-c682-436b-bb03-328ca168c8fe", "isDeleted:":"true", "version":"1686617237730"}}
{"logTime": "0613/144452", "correlationVector":"CVzWKN2ZSgQ5MNRv2goQ0w.172","action":"GetUpdates", "result":"DeleteReceived", "context":{"id":"7eeca7e9-53dc-4f4a-ab27-f6c6871c97d4", "isDeleted:":"true", "version":"1686617237731"}}
{"logTime": "0613/144452", "correlationVector":"CVzWKN2ZSgQ5MNRv2goQ0w.173","action":"GetUpdates", "result":"DeleteReceived", "context":{"id":"1f1e09bd-8e49-4db6-b6e2-bf5eed76c97a", "isDeleted:":"true", "version":"1686619157870"}}
{"logTime": "0613/144452", "correlationVector":"CVzWKN2ZSgQ5MNRv2goQ0w.174","action":"GetUpdates", "result":"DeleteReceived", "context":{"id":"e1b264d8-def9-4e40-b6c8-892f2c4ce06b", "isDeleted:":"true", "version":"1686619157871"}}
{"logTime": "0613/144452", "correlationVector":"CVzWKN2ZSgQ5MNRv2goQ0w.175","action":"GetUpdates", "result":"DeleteReceived", "context":{"id":"27fbfc1e-7877-4d44-99a0-c87e5fa882c8", "isDeleted:":"true", "version":"1686619157872"}}
{"logTime": "0613/144452", "correlationVector":"CVzWKN2ZSgQ5MNRv2goQ0w.176","action":"GetUpdates", "result":"DeleteReceived", "context":{"id":"0aa1701e-907b-48b9-8e31-674cab1d772e", "isDeleted:":"true", "version":"1686619157874"}}
{"logTime": "0613/144452", "correlationVector":"CVzWKN2ZSgQ5MNRv2goQ0w.177","action":"GetUpdates", "result":"DeleteReceived", "context":{"id":"07ac3cc2-c7be-4a0e-97b1-d7afc180e1b7", "isDeleted:":"true", "version":"1686619157875"}}
{"logTime": "0613/144452", "correlationVector":"CVzWKN2ZSgQ5MNRv2goQ0w.178","action":"GetUpdates", "result":"DeleteReceived", "context":{"id":"52df18d5-3075-4a09-9987-c75421c523ab", "isDeleted:":"true", "version":"1686619157877"}}
{"logTime": "0613/144452", "correlationVector":"CVzWKN2ZSgQ5MNRv2goQ0w.179","action":"GetUpdates", "result":"DeleteReceived", "context":{"id":"6923d5c7-7cf5-4ed3-9e40-858cf834f254", "isDeleted:":"true", "version":"1686619157879"}}
{"logTime": "0613/144452", "correlationVector":"CVzWKN2ZSgQ5MNRv2goQ0w.180","action":"GetUpdates", "result":"DeleteReceived", "context":{"id":"5aa01caa-96da-4378-aaca-63551b0f50fc", "isDeleted:":"true", "version":"1686619157881"}}
{"logTime": "0613/144452", "correlationVector":"CVzWKN2ZSgQ5MNRv2goQ0w.181","action":"GetUpdates", "result":"DeleteReceived", "context":{"id":"55d1553e-b65d-4fa5-834e-0e5827149d01", "isDeleted:":"true", "version":"1686619157882"}}
{"logTime": "0613/144452", "correlationVector":"CVzWKN2ZSgQ5MNRv2goQ0w.182","action":"GetUpdates", "result":"DeleteReceived", "context":{"id":"97a12735-4754-495e-9c95-59b112588aa7", "isDeleted:":"true", "version":"1686635299841"}}
{"logTime": "0613/144452", "correlationVector":"CVzWKN2ZSgQ5MNRv2goQ0w.183","action":"GetUpdates", "result":"DeleteReceived", "context":{"id":"ba782c0b-cf5e-482c-a98b-fc7030098285", "isDeleted:":"true", "version":"1686635299845"}}
{"logTime": "0613/144452", "correlationVector":"CVzWKN2ZSgQ5MNRv2goQ0w.184","action":"GetUpdates", "result":"DeleteReceived", "context":{"id":"91d1ea34-29a7-4c37-a3fd-2f3a7385acd8", "isDeleted:":"true", "version":"1686635299846"}}
{"logTime": "0613/144452", "correlationVector":"CVzWKN2ZSgQ5MNRv2goQ0w.185","action":"GetUpdates", "result":"DeleteReceived", "context":{"id":"d0a19776-6bc7-49a5-a0c2-58bf0e8b89a2", "isDeleted:":"true", "version":"1686635299848"}}
{"logTime": "0613/144452", "correlationVector":"CVzWKN2ZSgQ5MNRv2goQ0w.186","action":"GetUpdates", "result":"DeleteReceived", "context":{"id":"966a2364-5286-4c98-840b-210e0db27fef", "isDeleted:":"true", "version":"1686635299853"}}
{"logTime": "0613/144452", "correlationVector":"CVzWKN2ZSgQ5MNRv2goQ0w.187","action":"GetUpdates", "result":"DeleteReceived", "context":{"id":"1e8a2852-b910-4f82-9353-e2da545bd934", "isDeleted:":"true", "version":"1686635299855"}}
{"logTime": "0613/144452", "correlationVector":"CVzWKN2ZSgQ5MNRv2goQ0w.188","action":"GetUpdates", "result":"DeleteReceived", "context":{"id":"a11e8cd0-8c08-42da-b9af-9e2cb4b1f8c3", "isDeleted:":"true", "version":"1686635299856"}}
{"logTime": "0613/144452", "correlationVector":"CVzWKN2ZSgQ5MNRv2goQ0w.189","action":"GetUpdates", "result":"DeleteReceived", "context":{"id":"36668896-4805-403d-8931-82bd0f495a37", "isDeleted:":"true", "version":"1686635302073"}}
{"logTime": "0613/144452", "correlationVector":"CVzWKN2ZSgQ5MNRv2goQ0w.190","action":"GetUpdates", "result":"DeleteReceived", "context":{"id":"ed9b95a6-2117-4bd1-ad4d-edb6ff3d0942", "isDeleted:":"true", "version":"1686635302075"}}
{"logTime": "0613/144452", "correlationVector":"CVzWKN2ZSgQ5MNRv2goQ0w.191","action":"GetUpdates", "result":"DeleteReceived", "context":{"id":"64057bbf-b985-4a1e-81b5-e9400f8382ac", "isDeleted:":"true", "version":"1686635302077"}}
{"logTime": "0613/144452", "correlationVector":"CVzWKN2ZSgQ5MNRv2goQ0w.192","action":"GetUpdates", "result":"DeleteReceived", "context":{"id":"29e42ef7-d3c6-49c8-9e7a-32d14a1e9f92", "isDeleted:":"true", "version":"1686635302078"}}
{"logTime": "0613/144452", "correlationVector":"CVzWKN2ZSgQ5MNRv2goQ0w.193","action":"GetUpdates", "result":"DeleteReceived", "context":{"id":"8e72ac29-bbd6-4beb-9d48-96706e84142e", "isDeleted:":"true", "version":"1686635302082"}}
{"logTime": "0613/144452", "correlationVector":"CVzWKN2ZSgQ5MNRv2goQ0w.194","action":"GetUpdates", "result":"DeleteReceived", "context":{"id":"d29d9354-009a-4526-946d-b25366b21a40", "isDeleted:":"true", "version":"1686635302084"}}
{"logTime": "0613/144452", "correlationVector":"CVzWKN2ZSgQ5MNRv2goQ0w.195","action":"GetUpdates", "result":"DeleteReceived", "context":{"id":"9bdbcb77-fe4f-4a0c-bc67-67cd5e189a47", "isDeleted:":"true", "version":"1686635302085"}}
{"logTime": "0613/144452", "correlationVector":"CVzWKN2ZSgQ5MNRv2goQ0w.196","action":"GetUpdates", "result":"DeleteReceived", "context":{"id":"b947ae2d-b65e-4094-896c-3761c9f7e7af", "isDeleted:":"true", "version":"1686635302086"}}
{"logTime": "0613/144452", "correlationVector":"CVzWKN2ZSgQ5MNRv2goQ0w.197","action":"GetUpdates", "result":"DeleteReceived", "context":{"id":"f786d2bc-fbda-400d-a5fb-7342f84a107a", "isDeleted:":"true", "version":"1686635302087"}}
{"logTime": "0613/144452", "correlationVector":"CVzWKN2ZSgQ5MNRv2goQ0w.198","action":"GetUpdates", "result":"DeleteReceived", "context":{"id":"1308d0dd-4d07-45a3-b168-1acb7b4c0918", "isDeleted:":"true", "version":"1686635302088"}}
{"logTime": "0613/144452", "correlationVector":"CVzWKN2ZSgQ5MNRv2goQ0w.199","action":"GetUpdates", "result":"DeleteReceived", "context":{"id":"cd34a276-2d96-4c06-83f5-c71c04b4cdbf", "isDeleted:":"true", "version":"1686635302089"}}
{"logTime": "0613/144452", "correlationVector":"CVzWKN2ZSgQ5MNRv2goQ0w.200","action":"GetUpdates", "result":"DeleteReceived", "context":{"id":"f5332886-672b-443c-80f5-64cdd16fe7b4", "isDeleted:":"true", "version":"1686635304195"}}
{"logTime": "0613/144452", "correlationVector":"CVzWKN2ZSgQ5MNRv2goQ0w.201","action":"GetUpdates", "result":"DeleteReceived", "context":{"id":"65595c9b-7f4d-44b3-8f30-6580b14ef338", "isDeleted:":"true", "version":"1686635304197"}}
{"logTime": "0613/144452", "correlationVector":"CVzWKN2ZSgQ5MNRv2goQ0w.202","action":"GetUpdates", "result":"DeleteReceived", "context":{"id":"7aaa4156-1039-4dd9-bd91-adbb1e83d053", "isDeleted:":"true", "version":"1686635304198"}}
{"logTime": "0613/144452", "correlationVector":"CVzWKN2ZSgQ5MNRv2goQ0w.203","action":"GetUpdates", "result":"DeleteReceived", "context":{"id":"97d0162c-ca8f-4998-a302-57acf517ce92", "isDeleted:":"true", "version":"1686635304199"}}
{"logTime": "0613/144452", "correlationVector":"CVzWKN2ZSgQ5MNRv2goQ0w.204","action":"GetUpdates", "result":"DeleteReceived", "context":{"id":"2ef6ce40-462f-4e0a-a7a5-289e160351d7", "isDeleted:":"true", "version":"1686635304205"}}
{"logTime": "0613/144452", "correlationVector":"CVzWKN2ZSgQ5MNRv2goQ0w.205","action":"GetUpdates", "result":"DeleteReceived", "context":{"id":"12bdb726-a37f-4dec-8caa-bae9ac2ce712", "isDeleted:":"true", "version":"1686635304206"}}
{"logTime": "0613/144452", "correlationVector":"CVzWKN2ZSgQ5MNRv2goQ0w.206","action":"GetUpdates", "result":"DeleteReceived", "context":{"id":"fceb0a19-6549-4bc2-b54e-a0791670caee", "isDeleted:":"true", "version":"1686635304207"}}
{"logTime": "0613/144452", "correlationVector":"CVzWKN2ZSgQ5MNRv2goQ0w.207","action":"GetUpdates", "result":"DeleteReceived", "context":{"id":"c077c3ba-17c4-44bd-a976-0a5ce45ee5fe", "isDeleted:":"true", "version":"1686635304208"}}
{"logTime": "0613/144452", "correlationVector":"CVzWKN2ZSgQ5MNRv2goQ0w.208","action":"GetUpdates", "result":"DeleteReceived", "context":{"id":"82c4f1d8-12c5-47e9-9cef-4868ad73ab3d", "isDeleted:":"true", "version":"1686635304209"}}
{"logTime": "0613/144452", "correlationVector":"CVzWKN2ZSgQ5MNRv2goQ0w.209","action":"GetUpdates", "result":"DeleteReceived", "context":{"id":"cc597a8a-90e5-40a8-9794-4910a016f4ea", "isDeleted:":"true", "version":"1686635304210"}}
{"logTime": "0613/144452", "correlationVector":"CVzWKN2ZSgQ5MNRv2goQ0w.210","action":"GetUpdates", "result":"DeleteReceived", "context":{"id":"b920e0ad-a633-4ee4-a2ee-01c17402fa90", "isDeleted:":"true", "version":"1686635304212"}}
{"logTime": "0613/144452", "correlationVector":"CVzWKN2ZSgQ5MNRv2goQ0w.211","action":"GetUpdates", "result":"DeleteReceived", "context":{"id":"0baf4e4d-7a17-46c3-bfac-3ded7d290b67", "isDeleted:":"true", "version":"1686635304213"}}
{"logTime": "0613/144452", "correlationVector":"CVzWKN2ZSgQ5MNRv2goQ0w.212","action":"GetUpdates", "result":"DeleteReceived", "context":{"id":"3786f36a-d2fc-4843-9da9-b8519b37bf24", "isDeleted:":"true", "version":"1686635305689"}}
{"logTime": "0613/144452", "correlationVector":"CVzWKN2ZSgQ5MNRv2goQ0w.213","action":"GetUpdates Response", "result":"SERVER_MORE_TO_DOWNLOAD", "context":Received 250 update(s).  Some updates remain.}
{"logTime": "0613/144452", "correlationVector":"LTL56O8u4h70y3S28METtu","action":"Initial GetUpdates", "result":"", "context":Reason: RECONFIGURATION. cV=LTL56O8u4h70y3S28METtu}
{"logTime": "0613/144452", "correlationVector":"LTL56O8u4h70y3S28METtu.1","action":"SyncServerConnectionManagerRequest", "result":"SYNC_SERVER_OK", "context":{"environment":"Prod_SoutheastAsia_000j", "migrationStage":"NotStarted", "server":"GENERAL01000010"}}
{"logTime": "0613/144452", "correlationVector":"LTL56O8u4h70y3S28METtu.2","action":"GetUpdates", "result":"DeleteReceived", "context":{"id":"13128d4c-7d06-4abf-ab4f-b7b1be27cd1e", "isDeleted:":"true", "version":"1686663718365"}}
{"logTime": "0613/144452", "correlationVector":"LTL56O8u4h70y3S28METtu.3","action":"GetUpdates", "result":"DeleteReceived", "context":{"id":"795e2e62-e4a4-4d2a-8479-2c5d0eb95509", "isDeleted:":"true", "version":"1686663718366"}}
{"logTime": "0613/144452", "correlationVector":"LTL56O8u4h70y3S28METtu.4","action":"GetUpdates", "result":"DeleteReceived", "context":{"id":"85cc6abf-119e-4993-a546-24beb2e00064", "isDeleted:":"true", "version":"1686663718368"}}
{"logTime": "0613/144452", "correlationVector":"LTL56O8u4h70y3S28METtu.5","action":"GetUpdates", "result":"DeleteReceived", "context":{"id":"eb2bd8eb-833f-402d-ab8d-bd52b45e602d", "isDeleted:":"true", "version":"1686666743651"}}
{"logTime": "0613/144452", "correlationVector":"LTL56O8u4h70y3S28METtu.6","action":"GetUpdates", "result":"DeleteReceived", "context":{"id":"c223227b-5de6-405d-9db9-5f4924435bc9", "isDeleted:":"true", "version":"1686667092436"}}
{"logTime": "0613/144452", "correlationVector":"LTL56O8u4h70y3S28METtu.7","action":"GetUpdates Response", "result":"SYNCER_OK", "context":Received 27 update(s). cV=LTL56O8u4h70y3S28METtu.0;server=GENERAL01000010;cloudType=Consumer;environment=Prod_SoutheastAsia_000j;migrationStage=NotStarted}
{"logTime": "0613/144452", "correlationVector":"0b9FxVl+dI3P6VkV76mfDQ","action":"Normal GetUpdate request", "result":"", "context":cV=0b9FxVl+dI3P6VkV76mfDQ
Nudged types: Bookmarks, Typed URLs, Sessions, Device Info
Refresh requested types: Bookmarks, Preferences, Passwords, Autofill Profiles, Autofill, Autofill Custom Data, Typed URLs, Extensions, Sessions, Extension settings, History Delete Directives, Device Info, User Consents, Send Tab To Self, Web Apps, Collection, Edge E Drop, Encryption Keys}
{"logTime": "0613/144454", "correlationVector":"0b9FxVl+dI3P6VkV76mfDQ.1","action":"SyncServerConnectionManagerRequest", "result":"SYNC_SERVER_OK", "context":{"environment":"Prod_SoutheastAsia_000j", "migrationStage":"NotStarted", "server":"general0100001A"}}
{"logTime": "0613/144454", "correlationVector":"0b9FxVl+dI3P6VkV76mfDQ.2","action":"GetUpdates Response", "result":"SYNCER_OK", "context":Received 0 update(s). cV=0b9FxVl+dI3P6VkV76mfDQ.0;server=general0100001A;cloudType=Consumer;environment=Prod_SoutheastAsia_000j;migrationStage=NotStarted}
{"logTime": "0613/144454", "correlationVector":"0tgx0Oz4xcMmHaeCt/tVPg","action":"Commit Request", "result":"", "context":Item count: 1
Contributing types: Device Info}
{"logTime": "0613/144454", "correlationVector":"0tgx0Oz4xcMmHaeCt/tVPg.1","action":"SyncServerConnectionManagerRequest", "result":"SYNC_SERVER_OK", "context":{"environment":"Prod_SoutheastAsia_000j", "migrationStage":"NotStarted", "server":"GENERAL0100000T"}}
{"logTime": "0613/144454", "correlationVector":"0tgx0Oz4xcMmHaeCt/tVPg.2","action":"Commit Response", "result":"SYNCER_OK", "context":Result: SYNCER_OK. cV=0tgx0Oz4xcMmHaeCt/tVPg.0;server=GENERAL0100000T;cloudType=Consumer;environment=Prod_SoutheastAsia_000j;migrationStage=NotStarted}
{"logTime": "0613/144454", "correlationVector":"8dMsd8xE25VRtGkaYkW7et","action":"Commit Request", "result":"", "context":Item count: 13
Contributing types: Bookmarks, Typed URLs, Sessions, Collection}
{"logTime": "0613/144456", "correlationVector":"8dMsd8xE25VRtGkaYkW7et.1","action":"SyncServerConnectionManagerRequest", "result":"SYNC_SERVER_OK", "context":{"environment":"Prod_SoutheastAsia_000j", "migrationStage":"NotStarted", "server":"GENERAL0100000L"}}
{"logTime": "0613/144456", "correlationVector":"8dMsd8xE25VRtGkaYkW7et.2","action":"Commit Response", "result":"SYNCER_OK", "context":Result: SYNCER_OK. cV=8dMsd8xE25VRtGkaYkW7et.0;server=GENERAL0100000L;cloudType=Consumer;environment=Prod_SoutheastAsia_000j;migrationStage=NotStarted}
{"logTime": "0613/145706", "correlationVector":"CZoikcntcv5SYv2aJ07IpK.0","action":"FeedSettingFetch_homeCloud", "result":"0", "context":{}}
{"logTime": "0613/145706", "correlationVector":"+I63L0vp+HIIgHdl1UcULp.1","action":"SyncServerConnectionManagerRequest", "result":"SYNC_SERVER_OK", "context":{"environment":"Prod_SoutheastAsia_000j", "migrationStage":"NotStarted", "server":"GENERAL0100000L"}}
{"logTime": "0613/145706", "correlationVector":"+I63L0vp+HIIgHdl1UcULp","action":"Initial GetUpdates", "result":"", "context":Reason: NEW_CLIENT. cV=+I63L0vp+HIIgHdl1UcULp}
{"logTime": "0613/145706", "correlationVector":"+I63L0vp+HIIgHdl1UcULp.2","action":"GetUpdates Response", "result":"SYNCER_OK", "context":Received 1 update(s). cV=+I63L0vp+HIIgHdl1UcULp.0;server=GENERAL0100000L;cloudType=Consumer;environment=Prod_SoutheastAsia_000j;migrationStage=NotStarted}
{"logTime": "0613/145706", "correlationVector":"tXRPuHFyBekg1FlARJ0/B6","action":"SyncServerConnectionManagerRequest", "result":"SYNC_SERVER_OK", "context":{"environment":"", "migrationStage":"", "server":""}}
{"logTime": "0613/145706", "correlationVector":"M9Pkquu+fEnqXlBXhG132K","action":"Normal GetUpdate request", "result":"", "context":cV=M9Pkquu+fEnqXlBXhG132K
Nudged types: Sessions, User Consents
Refresh requested types: Bookmarks, Preferences, Autofill Custom Data, Typed URLs, Extensions, Sessions, Extension settings, History Delete Directives, Device Info, User Consents, Send Tab To Self, Web Apps, Collection, Edge E Drop, Encryption Keys}
{"logTime": "0613/145706", "correlationVector":"M9Pkquu+fEnqXlBXhG132K.1","action":"SyncServerConnectionManagerRequest", "result":"SYNC_SERVER_OK", "context":{"environment":"Prod_SoutheastAsia_000j", "migrationStage":"NotStarted", "server":"GENERAL01000000"}}
{"logTime": "0613/145706", "correlationVector":"M9Pkquu+fEnqXlBXhG132K.2","action":"GetUpdates Response", "result":"SYNCER_OK", "context":Received 0 update(s). cV=M9Pkquu+fEnqXlBXhG132K.0;server=GENERAL01000000;cloudType=Consumer;environment=Prod_SoutheastAsia_000j;migrationStage=NotStarted}
{"logTime": "0613/145706", "correlationVector":"toALX6Y53KTdUo3BzrB5nE","action":"Commit Request", "result":"", "context":Item count: 4
Contributing types: Sessions, User Consents}
{"logTime": "0613/145706", "correlationVector":"toALX6Y53KTdUo3BzrB5nE.1","action":"SyncServerConnectionManagerRequest", "result":"SYNC_SERVER_OK", "context":{"environment":"Prod_SoutheastAsia_000j", "migrationStage":"NotStarted", "server":"GENERAL0100000U"}}
{"logTime": "0613/145707", "correlationVector":"toALX6Y53KTdUo3BzrB5nE.3","action":"Commit.Sessions", "result":"Conflict", "context":{"id":"d2cf25a3-553d-4ddd-a30b-5f0ac1f57f59", "isDeleted":"false", "size":"78", "version":"1686667495435"}}
{"logTime": "0613/145707", "correlationVector":"toALX6Y53KTdUo3BzrB5nE.4","action":"Commit.Sessions", "result":"Conflict", "context":{"id":"", "isDeleted":"false", "size":"217", "version":"-1"}}
{"logTime": "0613/145707", "correlationVector":"toALX6Y53KTdUo3BzrB5nE.5","action":"Commit.Sessions", "result":"Success", "context":{"id":"021efa64-05d0-4dd7-9827-d6a299500a5e", "isDeleted":"true", "size":"0", "version":"1686667495436"}}
{"logTime": "0613/145707", "correlationVector":"toALX6Y53KTdUo3BzrB5nE.2","action":"Commit Response", "result":"SYNCER_OK", "context":Result: SYNCER_OK. cV=toALX6Y53KTdUo3BzrB5nE.0;server=GENERAL0100000U;cloudType=Consumer;environment=Prod_SoutheastAsia_000j;migrationStage=NotStarted}
{"logTime": "0613/145707", "correlationVector":"Vb5TKsMA0NKxpRTGRDUR2c","action":"Initial GetUpdates", "result":"", "context":Reason: NEWLY_SUPPORTED_DATATYPE. cV=Vb5TKsMA0NKxpRTGRDUR2c}
{"logTime": "0613/145707", "correlationVector":"Vb5TKsMA0NKxpRTGRDUR2c.1","action":"SyncServerConnectionManagerRequest", "result":"SYNC_SERVER_OK", "context":{"environment":"Prod_SoutheastAsia_000j", "migrationStage":"NotStarted", "server":"GENERAL01000006"}}
{"logTime": "0613/145707", "correlationVector":"Vb5TKsMA0NKxpRTGRDUR2c.2","action":"GetUpdates Response", "result":"SYNCER_OK", "context":Received 11 update(s). cV=Vb5TKsMA0NKxpRTGRDUR2c.0;server=GENERAL01000006;cloudType=Consumer;environment=Prod_SoutheastAsia_000j;migrationStage=NotStarted}
{"logTime": "0613/145707", "correlationVector":"6KmCtxpSRgnqqLjgYiMx89","action":"Normal GetUpdate request", "result":"", "context":cV=6KmCtxpSRgnqqLjgYiMx89
Nudged types: Sessions, User Consents
Refresh requested types: Bookmarks, Preferences, Passwords, Autofill Profiles, Autofill, Autofill Custom Data, Typed URLs, Extensions, Sessions, Extension settings, History Delete Directives, Device Info, User Consents, Send Tab To Self, Web Apps, Collection, Edge E Drop, Encryption Keys}
{"logTime": "0613/145707", "correlationVector":"6KmCtxpSRgnqqLjgYiMx89.1","action":"SyncServerConnectionManagerRequest", "result":"SYNC_SERVER_OK", "context":{"environment":"Prod_SoutheastAsia_000j", "migrationStage":"NotStarted", "server":"GENERAL0100001K"}}
{"logTime": "0613/145707", "correlationVector":"6KmCtxpSRgnqqLjgYiMx89.2","action":"GetUpdates Response", "result":"SERVER_MORE_TO_DOWNLOAD", "context":Received 3 update(s).  Some updates remain.}
{"logTime": "0613/145707", "correlationVector":"/sTmDHF4ID+KznTvfx8lWN","action":"Normal GetUpdate request", "result":"", "context":cV=/sTmDHF4ID+KznTvfx8lWN
Nudged types: Sessions, User Consents
Refresh requested types: Bookmarks, Preferences, Passwords, Autofill Profiles, Autofill, Autofill Custom Data, Typed URLs, Extensions, Sessions, Extension settings, History Delete Directives, Device Info, User Consents, Send Tab To Self, Web Apps, Collection, Edge E Drop, Encryption Keys}
{"logTime": "0613/145707", "correlationVector":"/sTmDHF4ID+KznTvfx8lWN.1","action":"SyncServerConnectionManagerRequest", "result":"SYNC_SERVER_OK", "context":{"environment":"Prod_SoutheastAsia_000j", "migrationStage":"NotStarted", "server":"general01000011"}}
{"logTime": "0613/145707", "correlationVector":"/sTmDHF4ID+KznTvfx8lWN.2","action":"GetUpdates", "result":"DeleteReceived", "context":{"id":"021efa64-05d0-4dd7-9827-d6a299500a5e", "isDeleted:":"true", "version":"1686668170089"}}
{"logTime": "0613/145707", "correlationVector":"/sTmDHF4ID+KznTvfx8lWN.3","action":"GetUpdates Response", "result":"SYNCER_OK", "context":Received 2 update(s). cV=/sTmDHF4ID+KznTvfx8lWN.0;server=general01000011;cloudType=Consumer;environment=Prod_SoutheastAsia_000j;migrationStage=NotStarted}
{"logTime": "0613/145707", "correlationVector":"iFFvEND4dCKZDmPMIsCbxh","action":"Normal GetUpdate request", "result":"", "context":cV=iFFvEND4dCKZDmPMIsCbxh
Nudged types: Sessions}
{"logTime": "0613/145707", "correlationVector":"iFFvEND4dCKZDmPMIsCbxh.1","action":"SyncServerConnectionManagerRequest", "result":"SYNC_SERVER_OK", "context":{"environment":"Prod_SoutheastAsia_000j", "migrationStage":"NotStarted", "server":"GENERAL0100000W"}}
{"logTime": "0613/145707", "correlationVector":"iFFvEND4dCKZDmPMIsCbxh.2","action":"GetUpdates Response", "result":"SYNCER_OK", "context":Received 0 update(s). cV=iFFvEND4dCKZDmPMIsCbxh.0;server=GENERAL0100000W;cloudType=Consumer;environment=Prod_SoutheastAsia_000j;migrationStage=NotStarted}
{"logTime": "0613/145707", "correlationVector":"bqLe3YB8JvYBHqnkIK5/9t","action":"Commit Request", "result":"", "context":Item count: 2
Contributing types: Sessions}
{"logTime": "0613/145707", "correlationVector":"bqLe3YB8JvYBHqnkIK5/9t.1","action":"SyncServerConnectionManagerRequest", "result":"SYNC_SERVER_OK", "context":{"environment":"Prod_SoutheastAsia_000j", "migrationStage":"NotStarted", "server":"GENERAL0100000A"}}
{"logTime": "0613/145707", "correlationVector":"bqLe3YB8JvYBHqnkIK5/9t.2","action":"Commit Response", "result":"SYNCER_OK", "context":Result: SYNCER_OK. cV=bqLe3YB8JvYBHqnkIK5/9t.0;server=GENERAL0100000A;cloudType=Consumer;environment=Prod_SoutheastAsia_000j;migrationStage=NotStarted}
{"logTime": "0613/145718", "correlationVector":"WYGLyKQWRY/v87YyFdQ3mL","action":"Normal GetUpdate request", "result":"", "context":cV=WYGLyKQWRY/v87YyFdQ3mL
Nudged types: Sessions}
{"logTime": "0613/145719", "correlationVector":"WYGLyKQWRY/v87YyFdQ3mL.1","action":"SyncServerConnectionManagerRequest", "result":"SYNC_SERVER_OK", "context":{"environment":"Prod_SoutheastAsia_000j", "migrationStage":"NotStarted", "server":"GENERAL0100000S"}}
{"logTime": "0613/145719", "correlationVector":"WYGLyKQWRY/v87YyFdQ3mL.2","action":"GetUpdates Response", "result":"SYNCER_OK", "context":Received 2 update(s). cV=WYGLyKQWRY/v87YyFdQ3mL.0;server=GENERAL0100000S;cloudType=Consumer;environment=Prod_SoutheastAsia_000j;migrationStage=NotStarted}
{"logTime": "0613/145823", "correlationVector":"wi7PIld4iHW1icjF6mAK5Q","action":"Commit Request", "result":"", "context":Item count: 1
Contributing types: Sessions}
{"logTime": "0613/145823", "correlationVector":"wi7PIld4iHW1icjF6mAK5Q.1","action":"SyncServerConnectionManagerRequest", "result":"SYNC_SERVER_OK", "context":{"environment":"Prod_SoutheastAsia_000j", "migrationStage":"NotStarted", "server":"GENERAL0100000E"}}
{"logTime": "0613/145823", "correlationVector":"wi7PIld4iHW1icjF6mAK5Q.2","action":"Commit Response", "result":"SYNCER_OK", "context":Result: SYNCER_OK. cV=wi7PIld4iHW1icjF6mAK5Q.0;server=GENERAL0100000E;cloudType=Consumer;environment=Prod_SoutheastAsia_000j;migrationStage=NotStarted}
{"logTime": "0613/150154", "correlationVector":"Pchu3DNi+S5ouuHySMk9yS","action":"Normal GetUpdate request", "result":"", "context":cV=Pchu3DNi+S5ouuHySMk9yS
Notified types: Device Info}
{"logTime": "0613/150155", "correlationVector":"Pchu3DNi+S5ouuHySMk9yS.1","action":"SyncServerConnectionManagerRequest", "result":"SYNC_SERVER_OK", "context":{"environment":"Prod_SoutheastAsia_000j", "migrationStage":"NotStarted", "server":"GENERAL0100000S"}}
{"logTime": "0613/150155", "correlationVector":"Pchu3DNi+S5ouuHySMk9yS.2","action":"GetUpdates", "result":"DeleteReceived", "context":{"id":"cd8d5735-1acf-40f2-a00f-edaece61737a", "isDeleted:":"true", "version":"1686668343188"}}
{"logTime": "0613/150155", "correlationVector":"Pchu3DNi+S5ouuHySMk9yS.3","action":"GetUpdates Response", "result":"SYNCER_OK", "context":Received 6 update(s). cV=Pchu3DNi+S5ouuHySMk9yS.0;server=GENERAL0100000S;cloudType=Consumer;environment=Prod_SoutheastAsia_000j;migrationStage=NotStarted}
{"logTime": "0613/150159", "correlationVector":"rSTD781ur/oVHjwMwFOegk","action":"Normal GetUpdate request", "result":"", "context":cV=rSTD781ur/oVHjwMwFOegk
Notified types: Autofill}
{"logTime": "0613/150200", "correlationVector":"rSTD781ur/oVHjwMwFOegk.1","action":"SyncServerConnectionManagerRequest", "result":"SYNC_SERVER_OK", "context":{"environment":"Prod_SoutheastAsia_000j", "migrationStage":"NotStarted", "server":"GENERAL0100000O"}}
{"logTime": "0613/150200", "correlationVector":"rSTD781ur/oVHjwMwFOegk.2","action":"GetUpdates Response", "result":"SYNCER_OK", "context":Received 3 update(s). cV=rSTD781ur/oVHjwMwFOegk.0;server=GENERAL0100000O;cloudType=Consumer;environment=Prod_SoutheastAsia_000j;migrationStage=NotStarted}
{"logTime": "0613/150200", "correlationVector":"pbyPmNiZ34nvKdbO3Okn4r","action":"Commit Request", "result":"", "context":Item count: 1
Contributing types: Autofill}
{"logTime": "0613/150200", "correlationVector":"pbyPmNiZ34nvKdbO3Okn4r.1","action":"SyncServerConnectionManagerRequest", "result":"SYNC_SERVER_OK", "context":{"environment":"Prod_SoutheastAsia_000j", "migrationStage":"NotStarted", "server":"GENERAL0100001J"}}
{"logTime": "0613/150200", "correlationVector":"pbyPmNiZ34nvKdbO3Okn4r.2","action":"Commit Response", "result":"SYNCER_OK", "context":Result: SYNCER_OK. cV=pbyPmNiZ34nvKdbO3Okn4r.0;server=GENERAL0100001J;cloudType=Consumer;environment=Prod_SoutheastAsia_000j;migrationStage=NotStarted}
{"logTime": "0613/150204", "correlationVector":"//buC+Gz4D2I9W9nwz7LdL","action":"Normal GetUpdate request", "result":"", "context":cV=//buC+Gz4D2I9W9nwz7LdL
Notified types: Autofill}
{"logTime": "0613/150205", "correlationVector":"//buC+Gz4D2I9W9nwz7LdL.1","action":"SyncServerConnectionManagerRequest", "result":"SYNC_SERVER_OK", "context":{"environment":"Prod_SoutheastAsia_000j", "migrationStage":"NotStarted", "server":"GENERAL0100001K"}}
{"logTime": "0613/150205", "correlationVector":"//buC+Gz4D2I9W9nwz7LdL.2","action":"GetUpdates Response", "result":"SYNCER_OK", "context":Received 1 update(s). cV=//buC+Gz4D2I9W9nwz7LdL.0;server=GENERAL0100001K;cloudType=Consumer;environment=Prod_SoutheastAsia_000j;migrationStage=NotStarted}
{"logTime": "0613/150305", "correlationVector":"5IHIKIf+DKPuP4wxggg0lp","action":"Commit Request", "result":"", "context":Item count: 1
Contributing types: Sessions}
{"logTime": "0613/150305", "correlationVector":"5IHIKIf+DKPuP4wxggg0lp.1","action":"SyncServerConnectionManagerRequest", "result":"SYNC_SERVER_OK", "context":{"environment":"Prod_SoutheastAsia_000j", "migrationStage":"NotStarted", "server":"GENERAL0100001E"}}
{"logTime": "0613/150305", "correlationVector":"5IHIKIf+DKPuP4wxggg0lp.2","action":"Commit Response", "result":"SYNCER_OK", "context":Result: SYNCER_OK. cV=5IHIKIf+DKPuP4wxggg0lp.0;server=GENERAL0100001E;cloudType=Consumer;environment=Prod_SoutheastAsia_000j;migrationStage=NotStarted}
{"logTime": "0613/150502", "correlationVector":"srIpB+shq+E+j8OIqh1IFK","action":"Commit Request", "result":"", "context":Item count: 1
Contributing types: Sessions}
{"logTime": "0613/150503", "correlationVector":"srIpB+shq+E+j8OIqh1IFK.1","action":"SyncServerConnectionManagerRequest", "result":"SYNC_SERVER_OK", "context":{"environment":"Prod_SoutheastAsia_000j", "migrationStage":"NotStarted", "server":"GENERAL0100000S"}}
{"logTime": "0613/150503", "correlationVector":"srIpB+shq+E+j8OIqh1IFK.2","action":"Commit Response", "result":"SYNCER_OK", "context":Result: SYNCER_OK. cV=srIpB+shq+E+j8OIqh1IFK.0;server=GENERAL0100000S;cloudType=Consumer;environment=Prod_SoutheastAsia_000j;migrationStage=NotStarted}
{"logTime": "0613/150529", "correlationVector":"YsdoGsU/G7RA0wymW6G/QZ","action":"Normal GetUpdate request", "result":"", "context":cV=YsdoGsU/G7RA0wymW6G/QZ
Nudged types: Sessions
Notified types: Device Info}
{"logTime": "0613/150530", "correlationVector":"YsdoGsU/G7RA0wymW6G/QZ.1","action":"SyncServerConnectionManagerRequest", "result":"SYNC_SERVER_OK", "context":{"environment":"Prod_SoutheastAsia_000j", "migrationStage":"NotStarted", "server":"GENERAL01000008"}}
{"logTime": "0613/150530", "correlationVector":"YsdoGsU/G7RA0wymW6G/QZ.2","action":"GetUpdates", "result":"DeleteReceived", "context":{"id":"cb198b1b-0ab6-4552-928a-ebf2fe19bd32", "isDeleted:":"true", "version":"1686668646975"}}
{"logTime": "0613/150530", "correlationVector":"YsdoGsU/G7RA0wymW6G/QZ.3","action":"GetUpdates", "result":"DeleteReceived", "context":{"id":"2b70f63a-2439-4059-98f9-c8c5ecd05282", "isDeleted:":"true", "version":"1686668701430"}}
{"logTime": "0613/150530", "correlationVector":"YsdoGsU/G7RA0wymW6G/QZ.4","action":"GetUpdates Response", "result":"SYNCER_OK", "context":Received 12 update(s). cV=YsdoGsU/G7RA0wymW6G/QZ.0;server=GENERAL01000008;cloudType=Consumer;environment=Prod_SoutheastAsia_000j;migrationStage=NotStarted}
{"logTime": "0613/150530", "correlationVector":"i5bykp5FCNp33yvnyKHCj2","action":"Commit Request", "result":"", "context":Item count: 1
Contributing types: Sessions}
{"logTime": "0613/150530", "correlationVector":"i5bykp5FCNp33yvnyKHCj2.1","action":"SyncServerConnectionManagerRequest", "result":"SYNC_SERVER_OK", "context":{"environment":"Prod_SoutheastAsia_000j", "migrationStage":"NotStarted", "server":"general01000012"}}
{"logTime": "0613/150530", "correlationVector":"i5bykp5FCNp33yvnyKHCj2.2","action":"Commit Response", "result":"SYNCER_OK", "context":Result: SYNCER_OK. cV=i5bykp5FCNp33yvnyKHCj2.0;server=general01000012;cloudType=Consumer;environment=Prod_SoutheastAsia_000j;migrationStage=NotStarted}
